[0.005s] Invoking command in '/home/rokey/Desktop/Tutorial/ROS_Tutorial/PackageTutorial/build/my_interfaces': CMAKE_PREFIX_PATH=/opt/ros/humble /usr/bin/cmake /home/rokey/Desktop/Tutorial/ROS_Tutorial/PackageTutorial/src/my_interfaces -DCMAKE_INSTALL_PREFIX=/home/rokey/Desktop/Tutorial/ROS_Tutorial/PackageTutorial/install/my_interfaces
[0.039s] -- The C compiler identification is GNU 11.4.0
[0.070s] -- The CXX compiler identification is GNU 11.4.0
[0.074s] -- Detecting C compiler ABI info
[0.117s] -- Detecting C compiler ABI info - done
[0.121s] -- Check for working C compiler: /usr/bin/cc - skipped
[0.121s] -- Detecting C compile features
[0.121s] -- Detecting C compile features - done
[0.123s] -- Detecting CXX compiler ABI info
[0.173s] -- Detecting CXX compiler ABI info - done
[0.177s] -- Check for working CXX compiler: /usr/bin/c++ - skipped
[0.177s] -- Detecting CXX compile features
[0.177s] -- Detecting CXX compile features - done
[0.178s] -- Found ament_cmake: 1.3.11 (/opt/ros/humble/share/ament_cmake/cmake)
[0.278s] -- Found Python3: /usr/bin/python3 (found version "3.10.12") found components: Interpreter 
[0.323s] -- Found builtin_interfaces: 1.2.1 (/opt/ros/humble/share/builtin_interfaces/cmake)
[0.340s] -- Found rosidl_generator_c: 3.1.6 (/opt/ros/humble/share/rosidl_generator_c/cmake)
[0.342s] -- Found rosidl_adapter: 3.1.6 (/opt/ros/humble/share/rosidl_adapter/cmake)
[0.346s] -- Found rosidl_generator_cpp: 3.1.6 (/opt/ros/humble/share/rosidl_generator_cpp/cmake)
[0.352s] -- Using all available rosidl_typesupport_c: rosidl_typesupport_fastrtps_c;rosidl_typesupport_introspection_c
[0.359s] -- Using all available rosidl_typesupport_cpp: rosidl_typesupport_fastrtps_cpp;rosidl_typesupport_introspection_cpp
[0.366s] -- Found rosidl_default_generators: 1.2.0 (/opt/ros/humble/share/rosidl_default_generators/cmake)
[0.513s] -- Found ament_cmake_ros: 0.10.0 (/opt/ros/humble/share/ament_cmake_ros/cmake)
[0.705s] -- Using all available rosidl_typesupport_c: rosidl_typesupport_fastrtps_c;rosidl_typesupport_introspection_c
[0.782s] -- Using all available rosidl_typesupport_cpp: rosidl_typesupport_fastrtps_cpp;rosidl_typesupport_introspection_cpp
[0.798s] -- Found PythonInterp: /usr/bin/python3 (found suitable version "3.10.12", minimum required is "3.6") 
[0.799s] -- Found python_cmake_module: 0.10.0 (/opt/ros/humble/share/python_cmake_module/cmake)
[0.818s] -- Found PythonLibs: /usr/lib/x86_64-linux-gnu/libpython3.10.so (found suitable version "3.10.12", minimum required is "3.5") 
[0.818s] -- Using PYTHON_EXECUTABLE: /usr/bin/python3
[0.818s] -- Using PYTHON_INCLUDE_DIRS: /usr/include/python3.10
[0.818s] -- Using PYTHON_LIBRARIES: /usr/lib/x86_64-linux-gnu/libpython3.10.so
[0.834s] -- Found PythonExtra: .so  
[0.856s] -- Found ament_lint_auto: 0.12.11 (/opt/ros/humble/share/ament_lint_auto/cmake)
[0.865s] -- Added test 'lint_cmake' to check CMake code style
[0.865s] -- Added test 'xmllint' to check XML markup files
[0.867s] -- Configuring done
[0.883s] -- Generating done
[0.888s] -- Build files have been written to: /home/rokey/Desktop/Tutorial/ROS_Tutorial/PackageTutorial/build/my_interfaces
[0.893s] Invoked command in '/home/rokey/Desktop/Tutorial/ROS_Tutorial/PackageTutorial/build/my_interfaces' returned '0': CMAKE_PREFIX_PATH=/opt/ros/humble /usr/bin/cmake /home/rokey/Desktop/Tutorial/ROS_Tutorial/PackageTutorial/src/my_interfaces -DCMAKE_INSTALL_PREFIX=/home/rokey/Desktop/Tutorial/ROS_Tutorial/PackageTutorial/install/my_interfaces
[0.894s] Invoking command in '/home/rokey/Desktop/Tutorial/ROS_Tutorial/PackageTutorial/build/my_interfaces': CMAKE_PREFIX_PATH=/opt/ros/humble /usr/bin/cmake --build /home/rokey/Desktop/Tutorial/ROS_Tutorial/PackageTutorial/build/my_interfaces -- -j16 -l16
[0.918s] [  3%] [34m[1mGenerating C code for ROS interfaces[0m
[0.923s] [  6%] [34m[1mGenerating C++ code for ROS interfaces[0m
[0.929s] [  6%] Built target ament_cmake_python_copy_my_interfaces
[1.053s] [  6%] Built target my_interfaces__cpp
[1.054s] [  9%] [32mBuilding C object CMakeFiles/my_interfaces__rosidl_generator_c.dir/rosidl_generator_c/my_interfaces/srv/detail/add_three_ints__functions.c.o[0m
[1.060s] [ 19%] [34m[1mGenerating C++ type support for eProsima Fast-RTPS[0m
[1.060s] [ 19%] [34m[1mGenerating C++ introspection for ROS interfaces[0m
[1.060s] [ 19%] [34m[1mGenerating C++ type support dispatch for ROS interfaces[0m
[1.060s] running egg_info
[1.060s] creating my_interfaces.egg-info
[1.060s] writing my_interfaces.egg-info/PKG-INFO
[1.060s] writing dependency_links to my_interfaces.egg-info/dependency_links.txt
[1.061s] writing top-level names to my_interfaces.egg-info/top_level.txt
[1.061s] writing manifest file 'my_interfaces.egg-info/SOURCES.txt'
[1.062s] reading manifest file 'my_interfaces.egg-info/SOURCES.txt'
[1.062s] writing manifest file 'my_interfaces.egg-info/SOURCES.txt'
[1.077s] [ 19%] Built target ament_cmake_python_build_my_interfaces_egg
[1.086s] [ 22%] [32m[1mLinking C shared library libmy_interfaces__rosidl_generator_c.so[0m
[1.108s] [ 22%] Built target my_interfaces__rosidl_generator_c
[1.115s] [ 32%] [34m[1mGenerating C type support for eProsima Fast-RTPS[0m
[1.115s] [ 32%] [34m[1mGenerating C type support dispatch for ROS interfaces[0m
[1.115s] [ 32%] [34m[1mGenerating C introspection for ROS interfaces[0m
[1.176s] [ 35%] [32mBuilding CXX object CMakeFiles/my_interfaces__rosidl_typesupport_cpp.dir/rosidl_typesupport_cpp/my_interfaces/srv/add_three_ints__type_support.cpp.o[0m
[1.186s] [ 38%] [32mBuilding CXX object CMakeFiles/my_interfaces__rosidl_typesupport_introspection_cpp.dir/rosidl_typesupport_introspection_cpp/my_interfaces/srv/detail/add_three_ints__type_support.cpp.o[0m
[1.191s] [ 41%] [32mBuilding CXX object CMakeFiles/my_interfaces__rosidl_typesupport_fastrtps_cpp.dir/rosidl_typesupport_fastrtps_cpp/my_interfaces/srv/detail/dds_fastrtps/add_three_ints__type_support.cpp.o[0m
[1.231s] [ 45%] [32mBuilding CXX object CMakeFiles/my_interfaces__rosidl_typesupport_c.dir/rosidl_typesupport_c/my_interfaces/srv/add_three_ints__type_support.cpp.o[0m
[1.245s] [ 48%] [32mBuilding C object CMakeFiles/my_interfaces__rosidl_typesupport_introspection_c.dir/rosidl_typesupport_introspection_c/my_interfaces/srv/detail/add_three_ints__type_support.c.o[0m
[1.245s] [ 51%] [32mBuilding CXX object CMakeFiles/my_interfaces__rosidl_typesupport_fastrtps_c.dir/rosidl_typesupport_fastrtps_c/my_interfaces/srv/detail/add_three_ints__type_support_c.cpp.o[0m
[1.256s] [ 54%] [32m[1mLinking CXX shared library libmy_interfaces__rosidl_typesupport_c.so[0m
[1.266s] [ 58%] [32m[1mLinking C shared library libmy_interfaces__rosidl_typesupport_introspection_c.so[0m
[1.281s] [ 58%] Built target my_interfaces__rosidl_typesupport_c
[1.284s] [ 58%] Built target my_interfaces__rosidl_typesupport_introspection_c
[1.307s] [ 61%] [32m[1mLinking CXX shared library libmy_interfaces__rosidl_typesupport_cpp.so[0m
[1.333s] [ 61%] Built target my_interfaces__rosidl_typesupport_cpp
[1.369s] [ 64%] [32m[1mLinking CXX shared library libmy_interfaces__rosidl_typesupport_introspection_cpp.so[0m
[1.379s] [ 67%] [32m[1mLinking CXX shared library libmy_interfaces__rosidl_typesupport_fastrtps_cpp.so[0m
[1.393s] [ 67%] Built target my_interfaces__rosidl_typesupport_introspection_cpp
[1.409s] [ 70%] [32m[1mLinking CXX shared library libmy_interfaces__rosidl_typesupport_fastrtps_c.so[0m
[1.418s] [ 70%] Built target my_interfaces__rosidl_typesupport_fastrtps_cpp
[1.451s] [ 70%] Built target my_interfaces__rosidl_typesupport_fastrtps_c
[1.463s] [ 70%] Built target my_interfaces
[1.475s] [ 74%] [34m[1mGenerating Python code for ROS interfaces[0m
[1.640s] [ 74%] Built target my_interfaces__py
[1.652s] [ 77%] [32mBuilding C object CMakeFiles/my_interfaces__rosidl_generator_py.dir/rosidl_generator_py/my_interfaces/srv/_add_three_ints_s.c.o[0m
[1.704s] [ 80%] [32m[1mLinking C shared library rosidl_generator_py/my_interfaces/libmy_interfaces__rosidl_generator_py.so[0m
[1.727s] [ 80%] Built target my_interfaces__rosidl_generator_py
[1.740s] [ 83%] [32mBuilding C object CMakeFiles/my_interfaces__rosidl_typesupport_fastrtps_c__pyext.dir/rosidl_generator_py/my_interfaces/_my_interfaces_s.ep.rosidl_typesupport_fastrtps_c.c.o[0m
[1.740s] [ 87%] [32mBuilding C object CMakeFiles/my_interfaces__rosidl_typesupport_introspection_c__pyext.dir/rosidl_generator_py/my_interfaces/_my_interfaces_s.ep.rosidl_typesupport_introspection_c.c.o[0m
[1.740s] [ 90%] [32mBuilding C object CMakeFiles/my_interfaces__rosidl_typesupport_c__pyext.dir/rosidl_generator_py/my_interfaces/_my_interfaces_s.ep.rosidl_typesupport_c.c.o[0m
[1.793s] [100%] [32m[1mLinking C shared library rosidl_generator_py/my_interfaces/my_interfaces_s__rosidl_typesupport_fastrtps_c.cpython-310-x86_64-linux-gnu.so[0m
[1.793s] [100%] [32m[1mLinking C shared library rosidl_generator_py/my_interfaces/my_interfaces_s__rosidl_typesupport_c.cpython-310-x86_64-linux-gnu.so[0m
[1.793s] [100%] [32m[1mLinking C shared library rosidl_generator_py/my_interfaces/my_interfaces_s__rosidl_typesupport_introspection_c.cpython-310-x86_64-linux-gnu.so[0m
[1.813s] [100%] Built target my_interfaces__rosidl_typesupport_c__pyext
[1.813s] [100%] Built target my_interfaces__rosidl_typesupport_introspection_c__pyext
[1.813s] [100%] Built target my_interfaces__rosidl_typesupport_fastrtps_c__pyext
[1.820s] Invoked command in '/home/rokey/Desktop/Tutorial/ROS_Tutorial/PackageTutorial/build/my_interfaces' returned '0': CMAKE_PREFIX_PATH=/opt/ros/humble /usr/bin/cmake --build /home/rokey/Desktop/Tutorial/ROS_Tutorial/PackageTutorial/build/my_interfaces -- -j16 -l16
[1.825s] Invoking command in '/home/rokey/Desktop/Tutorial/ROS_Tutorial/PackageTutorial/build/my_interfaces': CMAKE_PREFIX_PATH=/opt/ros/humble /usr/bin/cmake --install /home/rokey/Desktop/Tutorial/ROS_Tutorial/PackageTutorial/build/my_interfaces
[1.831s] -- Install configuration: ""
[1.831s] -- Installing: /home/rokey/Desktop/Tutorial/ROS_Tutorial/PackageTutorial/install/my_interfaces/share/ament_index/resource_index/rosidl_interfaces/my_interfaces
[1.831s] -- Installing: /home/rokey/Desktop/Tutorial/ROS_Tutorial/PackageTutorial/install/my_interfaces/include/my_interfaces/my_interfaces
[1.831s] -- Installing: /home/rokey/Desktop/Tutorial/ROS_Tutorial/PackageTutorial/install/my_interfaces/include/my_interfaces/my_interfaces/srv
[1.831s] -- Installing: /home/rokey/Desktop/Tutorial/ROS_Tutorial/PackageTutorial/install/my_interfaces/include/my_interfaces/my_interfaces/srv/detail
[1.831s] -- Installing: /home/rokey/Desktop/Tutorial/ROS_Tutorial/PackageTutorial/install/my_interfaces/include/my_interfaces/my_interfaces/srv/detail/add_three_ints__struct.h
[1.831s] -- Installing: /home/rokey/Desktop/Tutorial/ROS_Tutorial/PackageTutorial/install/my_interfaces/include/my_interfaces/my_interfaces/srv/detail/add_three_ints__functions.c
[1.831s] -- Installing: /home/rokey/Desktop/Tutorial/ROS_Tutorial/PackageTutorial/install/my_interfaces/include/my_interfaces/my_interfaces/srv/detail/add_three_ints__functions.h
[1.831s] -- Installing: /home/rokey/Desktop/Tutorial/ROS_Tutorial/PackageTutorial/install/my_interfaces/include/my_interfaces/my_interfaces/srv/detail/add_three_ints__type_support.h
[1.831s] -- Installing: /home/rokey/Desktop/Tutorial/ROS_Tutorial/PackageTutorial/install/my_interfaces/include/my_interfaces/my_interfaces/srv/add_three_ints.h
[1.832s] -- Installing: /home/rokey/Desktop/Tutorial/ROS_Tutorial/PackageTutorial/install/my_interfaces/include/my_interfaces/my_interfaces/msg
[1.832s] -- Installing: /home/rokey/Desktop/Tutorial/ROS_Tutorial/PackageTutorial/install/my_interfaces/include/my_interfaces/my_interfaces/msg/rosidl_generator_c__visibility_control.h
[1.832s] -- Installing: /home/rokey/Desktop/Tutorial/ROS_Tutorial/PackageTutorial/install/my_interfaces/share/my_interfaces/environment/library_path.sh
[1.832s] -- Installing: /home/rokey/Desktop/Tutorial/ROS_Tutorial/PackageTutorial/install/my_interfaces/share/my_interfaces/environment/library_path.dsv
[1.832s] -- Installing: /home/rokey/Desktop/Tutorial/ROS_Tutorial/PackageTutorial/install/my_interfaces/lib/libmy_interfaces__rosidl_generator_c.so
[1.832s] -- Set runtime path of "/home/rokey/Desktop/Tutorial/ROS_Tutorial/PackageTutorial/install/my_interfaces/lib/libmy_interfaces__rosidl_generator_c.so" to ""
[1.832s] -- Up-to-date: /home/rokey/Desktop/Tutorial/ROS_Tutorial/PackageTutorial/install/my_interfaces/include/my_interfaces/my_interfaces
[1.832s] -- Up-to-date: /home/rokey/Desktop/Tutorial/ROS_Tutorial/PackageTutorial/install/my_interfaces/include/my_interfaces/my_interfaces/srv
[1.832s] -- Up-to-date: /home/rokey/Desktop/Tutorial/ROS_Tutorial/PackageTutorial/install/my_interfaces/include/my_interfaces/my_interfaces/srv/detail
[1.832s] -- Installing: /home/rokey/Desktop/Tutorial/ROS_Tutorial/PackageTutorial/install/my_interfaces/include/my_interfaces/my_interfaces/srv/detail/add_three_ints__rosidl_typesupport_fastrtps_c.h
[1.832s] -- Up-to-date: /home/rokey/Desktop/Tutorial/ROS_Tutorial/PackageTutorial/install/my_interfaces/include/my_interfaces/my_interfaces/msg
[1.832s] -- Installing: /home/rokey/Desktop/Tutorial/ROS_Tutorial/PackageTutorial/install/my_interfaces/include/my_interfaces/my_interfaces/msg/rosidl_typesupport_fastrtps_c__visibility_control.h
[1.832s] -- Installing: /home/rokey/Desktop/Tutorial/ROS_Tutorial/PackageTutorial/install/my_interfaces/lib/libmy_interfaces__rosidl_typesupport_fastrtps_c.so
[1.833s] -- Set runtime path of "/home/rokey/Desktop/Tutorial/ROS_Tutorial/PackageTutorial/install/my_interfaces/lib/libmy_interfaces__rosidl_typesupport_fastrtps_c.so" to ""
[1.833s] -- Up-to-date: /home/rokey/Desktop/Tutorial/ROS_Tutorial/PackageTutorial/install/my_interfaces/include/my_interfaces/my_interfaces
[1.833s] -- Up-to-date: /home/rokey/Desktop/Tutorial/ROS_Tutorial/PackageTutorial/install/my_interfaces/include/my_interfaces/my_interfaces/srv
[1.833s] -- Installing: /home/rokey/Desktop/Tutorial/ROS_Tutorial/PackageTutorial/install/my_interfaces/include/my_interfaces/my_interfaces/srv/add_three_ints.hpp
[1.833s] -- Up-to-date: /home/rokey/Desktop/Tutorial/ROS_Tutorial/PackageTutorial/install/my_interfaces/include/my_interfaces/my_interfaces/srv/detail
[1.833s] -- Installing: /home/rokey/Desktop/Tutorial/ROS_Tutorial/PackageTutorial/install/my_interfaces/include/my_interfaces/my_interfaces/srv/detail/add_three_ints__traits.hpp
[1.833s] -- Installing: /home/rokey/Desktop/Tutorial/ROS_Tutorial/PackageTutorial/install/my_interfaces/include/my_interfaces/my_interfaces/srv/detail/add_three_ints__type_support.hpp
[1.833s] -- Installing: /home/rokey/Desktop/Tutorial/ROS_Tutorial/PackageTutorial/install/my_interfaces/include/my_interfaces/my_interfaces/srv/detail/add_three_ints__builder.hpp
[1.833s] -- Installing: /home/rokey/Desktop/Tutorial/ROS_Tutorial/PackageTutorial/install/my_interfaces/include/my_interfaces/my_interfaces/srv/detail/add_three_ints__struct.hpp
[1.833s] -- Up-to-date: /home/rokey/Desktop/Tutorial/ROS_Tutorial/PackageTutorial/install/my_interfaces/include/my_interfaces/my_interfaces/msg
[1.833s] -- Installing: /home/rokey/Desktop/Tutorial/ROS_Tutorial/PackageTutorial/install/my_interfaces/include/my_interfaces/my_interfaces/msg/rosidl_generator_cpp__visibility_control.hpp
[1.833s] -- Up-to-date: /home/rokey/Desktop/Tutorial/ROS_Tutorial/PackageTutorial/install/my_interfaces/include/my_interfaces/my_interfaces
[1.833s] -- Up-to-date: /home/rokey/Desktop/Tutorial/ROS_Tutorial/PackageTutorial/install/my_interfaces/include/my_interfaces/my_interfaces/srv
[1.833s] -- Up-to-date: /home/rokey/Desktop/Tutorial/ROS_Tutorial/PackageTutorial/install/my_interfaces/include/my_interfaces/my_interfaces/srv/detail
[1.833s] -- Installing: /home/rokey/Desktop/Tutorial/ROS_Tutorial/PackageTutorial/install/my_interfaces/include/my_interfaces/my_interfaces/srv/detail/dds_fastrtps
[1.833s] -- Installing: /home/rokey/Desktop/Tutorial/ROS_Tutorial/PackageTutorial/install/my_interfaces/include/my_interfaces/my_interfaces/srv/detail/add_three_ints__rosidl_typesupport_fastrtps_cpp.hpp
[1.833s] -- Up-to-date: /home/rokey/Desktop/Tutorial/ROS_Tutorial/PackageTutorial/install/my_interfaces/include/my_interfaces/my_interfaces/msg
[1.833s] -- Installing: /home/rokey/Desktop/Tutorial/ROS_Tutorial/PackageTutorial/install/my_interfaces/include/my_interfaces/my_interfaces/msg/rosidl_typesupport_fastrtps_cpp__visibility_control.h
[1.834s] -- Installing: /home/rokey/Desktop/Tutorial/ROS_Tutorial/PackageTutorial/install/my_interfaces/lib/libmy_interfaces__rosidl_typesupport_fastrtps_cpp.so
[1.834s] -- Set runtime path of "/home/rokey/Desktop/Tutorial/ROS_Tutorial/PackageTutorial/install/my_interfaces/lib/libmy_interfaces__rosidl_typesupport_fastrtps_cpp.so" to ""
[1.834s] -- Up-to-date: /home/rokey/Desktop/Tutorial/ROS_Tutorial/PackageTutorial/install/my_interfaces/include/my_interfaces/my_interfaces
[1.834s] -- Up-to-date: /home/rokey/Desktop/Tutorial/ROS_Tutorial/PackageTutorial/install/my_interfaces/include/my_interfaces/my_interfaces/srv
[1.834s] -- Up-to-date: /home/rokey/Desktop/Tutorial/ROS_Tutorial/PackageTutorial/install/my_interfaces/include/my_interfaces/my_interfaces/srv/detail
[1.834s] -- Installing: /home/rokey/Desktop/Tutorial/ROS_Tutorial/PackageTutorial/install/my_interfaces/include/my_interfaces/my_interfaces/srv/detail/add_three_ints__rosidl_typesupport_introspection_c.h
[1.834s] -- Installing: /home/rokey/Desktop/Tutorial/ROS_Tutorial/PackageTutorial/install/my_interfaces/include/my_interfaces/my_interfaces/srv/detail/add_three_ints__type_support.c
[1.834s] -- Up-to-date: /home/rokey/Desktop/Tutorial/ROS_Tutorial/PackageTutorial/install/my_interfaces/include/my_interfaces/my_interfaces/msg
[1.834s] -- Installing: /home/rokey/Desktop/Tutorial/ROS_Tutorial/PackageTutorial/install/my_interfaces/include/my_interfaces/my_interfaces/msg/rosidl_typesupport_introspection_c__visibility_control.h
[1.834s] -- Installing: /home/rokey/Desktop/Tutorial/ROS_Tutorial/PackageTutorial/install/my_interfaces/lib/libmy_interfaces__rosidl_typesupport_introspection_c.so
[1.834s] -- Set runtime path of "/home/rokey/Desktop/Tutorial/ROS_Tutorial/PackageTutorial/install/my_interfaces/lib/libmy_interfaces__rosidl_typesupport_introspection_c.so" to ""
[1.834s] -- Installing: /home/rokey/Desktop/Tutorial/ROS_Tutorial/PackageTutorial/install/my_interfaces/lib/libmy_interfaces__rosidl_typesupport_c.so
[1.835s] -- Set runtime path of "/home/rokey/Desktop/Tutorial/ROS_Tutorial/PackageTutorial/install/my_interfaces/lib/libmy_interfaces__rosidl_typesupport_c.so" to ""
[1.835s] -- Up-to-date: /home/rokey/Desktop/Tutorial/ROS_Tutorial/PackageTutorial/install/my_interfaces/include/my_interfaces/my_interfaces
[1.835s] -- Up-to-date: /home/rokey/Desktop/Tutorial/ROS_Tutorial/PackageTutorial/install/my_interfaces/include/my_interfaces/my_interfaces/srv
[1.835s] -- Up-to-date: /home/rokey/Desktop/Tutorial/ROS_Tutorial/PackageTutorial/install/my_interfaces/include/my_interfaces/my_interfaces/srv/detail
[1.835s] -- Installing: /home/rokey/Desktop/Tutorial/ROS_Tutorial/PackageTutorial/install/my_interfaces/include/my_interfaces/my_interfaces/srv/detail/add_three_ints__type_support.cpp
[1.835s] -- Installing: /home/rokey/Desktop/Tutorial/ROS_Tutorial/PackageTutorial/install/my_interfaces/include/my_interfaces/my_interfaces/srv/detail/add_three_ints__rosidl_typesupport_introspection_cpp.hpp
[1.835s] -- Installing: /home/rokey/Desktop/Tutorial/ROS_Tutorial/PackageTutorial/install/my_interfaces/lib/libmy_interfaces__rosidl_typesupport_introspection_cpp.so
[1.835s] -- Set runtime path of "/home/rokey/Desktop/Tutorial/ROS_Tutorial/PackageTutorial/install/my_interfaces/lib/libmy_interfaces__rosidl_typesupport_introspection_cpp.so" to ""
[1.835s] -- Installing: /home/rokey/Desktop/Tutorial/ROS_Tutorial/PackageTutorial/install/my_interfaces/lib/libmy_interfaces__rosidl_typesupport_cpp.so
[1.835s] -- Set runtime path of "/home/rokey/Desktop/Tutorial/ROS_Tutorial/PackageTutorial/install/my_interfaces/lib/libmy_interfaces__rosidl_typesupport_cpp.so" to ""
[1.835s] -- Installing: /home/rokey/Desktop/Tutorial/ROS_Tutorial/PackageTutorial/install/my_interfaces/share/my_interfaces/environment/pythonpath.sh
[1.835s] -- Installing: /home/rokey/Desktop/Tutorial/ROS_Tutorial/PackageTutorial/install/my_interfaces/share/my_interfaces/environment/pythonpath.dsv
[1.835s] -- Installing: /home/rokey/Desktop/Tutorial/ROS_Tutorial/PackageTutorial/install/my_interfaces/local/lib/python3.10/dist-packages/my_interfaces-0.0.0-py3.10.egg-info
[1.836s] -- Installing: /home/rokey/Desktop/Tutorial/ROS_Tutorial/PackageTutorial/install/my_interfaces/local/lib/python3.10/dist-packages/my_interfaces-0.0.0-py3.10.egg-info/top_level.txt
[1.836s] -- Installing: /home/rokey/Desktop/Tutorial/ROS_Tutorial/PackageTutorial/install/my_interfaces/local/lib/python3.10/dist-packages/my_interfaces-0.0.0-py3.10.egg-info/dependency_links.txt
[1.836s] -- Installing: /home/rokey/Desktop/Tutorial/ROS_Tutorial/PackageTutorial/install/my_interfaces/local/lib/python3.10/dist-packages/my_interfaces-0.0.0-py3.10.egg-info/PKG-INFO
[1.836s] -- Installing: /home/rokey/Desktop/Tutorial/ROS_Tutorial/PackageTutorial/install/my_interfaces/local/lib/python3.10/dist-packages/my_interfaces-0.0.0-py3.10.egg-info/SOURCES.txt
[1.836s] -- Installing: /home/rokey/Desktop/Tutorial/ROS_Tutorial/PackageTutorial/install/my_interfaces/local/lib/python3.10/dist-packages/my_interfaces
[1.836s] -- Installing: /home/rokey/Desktop/Tutorial/ROS_Tutorial/PackageTutorial/install/my_interfaces/local/lib/python3.10/dist-packages/my_interfaces/my_interfaces_s__rosidl_typesupport_fastrtps_c.cpython-310-x86_64-linux-gnu.so
[1.836s] -- Installing: /home/rokey/Desktop/Tutorial/ROS_Tutorial/PackageTutorial/install/my_interfaces/local/lib/python3.10/dist-packages/my_interfaces/my_interfaces_s__rosidl_typesupport_introspection_c.cpython-310-x86_64-linux-gnu.so
[1.836s] -- Installing: /home/rokey/Desktop/Tutorial/ROS_Tutorial/PackageTutorial/install/my_interfaces/local/lib/python3.10/dist-packages/my_interfaces/srv
[1.836s] -- Installing: /home/rokey/Desktop/Tutorial/ROS_Tutorial/PackageTutorial/install/my_interfaces/local/lib/python3.10/dist-packages/my_interfaces/srv/__init__.py
[1.836s] -- Installing: /home/rokey/Desktop/Tutorial/ROS_Tutorial/PackageTutorial/install/my_interfaces/local/lib/python3.10/dist-packages/my_interfaces/srv/_add_three_ints.py
[1.836s] -- Installing: /home/rokey/Desktop/Tutorial/ROS_Tutorial/PackageTutorial/install/my_interfaces/local/lib/python3.10/dist-packages/my_interfaces/srv/_add_three_ints_s.c
[1.836s] -- Installing: /home/rokey/Desktop/Tutorial/ROS_Tutorial/PackageTutorial/install/my_interfaces/local/lib/python3.10/dist-packages/my_interfaces/__init__.py
[1.836s] -- Installing: /home/rokey/Desktop/Tutorial/ROS_Tutorial/PackageTutorial/install/my_interfaces/local/lib/python3.10/dist-packages/my_interfaces/_my_interfaces_s.ep.rosidl_typesupport_c.c
[1.836s] -- Installing: /home/rokey/Desktop/Tutorial/ROS_Tutorial/PackageTutorial/install/my_interfaces/local/lib/python3.10/dist-packages/my_interfaces/libmy_interfaces__rosidl_generator_py.so
[1.837s] -- Installing: /home/rokey/Desktop/Tutorial/ROS_Tutorial/PackageTutorial/install/my_interfaces/local/lib/python3.10/dist-packages/my_interfaces/_my_interfaces_s.ep.rosidl_typesupport_fastrtps_c.c
[1.837s] -- Installing: /home/rokey/Desktop/Tutorial/ROS_Tutorial/PackageTutorial/install/my_interfaces/local/lib/python3.10/dist-packages/my_interfaces/my_interfaces_s__rosidl_typesupport_c.cpython-310-x86_64-linux-gnu.so
[1.837s] -- Installing: /home/rokey/Desktop/Tutorial/ROS_Tutorial/PackageTutorial/install/my_interfaces/local/lib/python3.10/dist-packages/my_interfaces/_my_interfaces_s.ep.rosidl_typesupport_introspection_c.c
[1.855s] Listing '/home/rokey/Desktop/Tutorial/ROS_Tutorial/PackageTutorial/install/my_interfaces/local/lib/python3.10/dist-packages/my_interfaces'...
[1.855s] Compiling '/home/rokey/Desktop/Tutorial/ROS_Tutorial/PackageTutorial/install/my_interfaces/local/lib/python3.10/dist-packages/my_interfaces/__init__.py'...
[1.855s] Listing '/home/rokey/Desktop/Tutorial/ROS_Tutorial/PackageTutorial/install/my_interfaces/local/lib/python3.10/dist-packages/my_interfaces/srv'...
[1.855s] Compiling '/home/rokey/Desktop/Tutorial/ROS_Tutorial/PackageTutorial/install/my_interfaces/local/lib/python3.10/dist-packages/my_interfaces/srv/__init__.py'...
[1.855s] Compiling '/home/rokey/Desktop/Tutorial/ROS_Tutorial/PackageTutorial/install/my_interfaces/local/lib/python3.10/dist-packages/my_interfaces/srv/_add_three_ints.py'...
[1.858s] -- Installing: /home/rokey/Desktop/Tutorial/ROS_Tutorial/PackageTutorial/install/my_interfaces/local/lib/python3.10/dist-packages/my_interfaces/my_interfaces_s__rosidl_typesupport_fastrtps_c.cpython-310-x86_64-linux-gnu.so
[1.858s] -- Set runtime path of "/home/rokey/Desktop/Tutorial/ROS_Tutorial/PackageTutorial/install/my_interfaces/local/lib/python3.10/dist-packages/my_interfaces/my_interfaces_s__rosidl_typesupport_fastrtps_c.cpython-310-x86_64-linux-gnu.so" to ""
[1.858s] -- Installing: /home/rokey/Desktop/Tutorial/ROS_Tutorial/PackageTutorial/install/my_interfaces/local/lib/python3.10/dist-packages/my_interfaces/my_interfaces_s__rosidl_typesupport_introspection_c.cpython-310-x86_64-linux-gnu.so
[1.858s] -- Set runtime path of "/home/rokey/Desktop/Tutorial/ROS_Tutorial/PackageTutorial/install/my_interfaces/local/lib/python3.10/dist-packages/my_interfaces/my_interfaces_s__rosidl_typesupport_introspection_c.cpython-310-x86_64-linux-gnu.so" to ""
[1.859s] -- Installing: /home/rokey/Desktop/Tutorial/ROS_Tutorial/PackageTutorial/install/my_interfaces/local/lib/python3.10/dist-packages/my_interfaces/my_interfaces_s__rosidl_typesupport_c.cpython-310-x86_64-linux-gnu.so
[1.859s] -- Set runtime path of "/home/rokey/Desktop/Tutorial/ROS_Tutorial/PackageTutorial/install/my_interfaces/local/lib/python3.10/dist-packages/my_interfaces/my_interfaces_s__rosidl_typesupport_c.cpython-310-x86_64-linux-gnu.so" to ""
[1.859s] -- Installing: /home/rokey/Desktop/Tutorial/ROS_Tutorial/PackageTutorial/install/my_interfaces/lib/libmy_interfaces__rosidl_generator_py.so
[1.859s] -- Set runtime path of "/home/rokey/Desktop/Tutorial/ROS_Tutorial/PackageTutorial/install/my_interfaces/lib/libmy_interfaces__rosidl_generator_py.so" to ""
[1.859s] -- Installing: /home/rokey/Desktop/Tutorial/ROS_Tutorial/PackageTutorial/install/my_interfaces/share/my_interfaces/srv/AddThreeInts.idl
[1.859s] -- Installing: /home/rokey/Desktop/Tutorial/ROS_Tutorial/PackageTutorial/install/my_interfaces/share/my_interfaces/srv/AddThreeInts.srv
[1.859s] -- Installing: /home/rokey/Desktop/Tutorial/ROS_Tutorial/PackageTutorial/install/my_interfaces/share/my_interfaces/srv/AddThreeInts_Request.msg
[1.860s] -- Installing: /home/rokey/Desktop/Tutorial/ROS_Tutorial/PackageTutorial/install/my_interfaces/share/my_interfaces/srv/AddThreeInts_Response.msg
[1.860s] -- Installing: /home/rokey/Desktop/Tutorial/ROS_Tutorial/PackageTutorial/install/my_interfaces/share/ament_index/resource_index/package_run_dependencies/my_interfaces
[1.860s] -- Installing: /home/rokey/Desktop/Tutorial/ROS_Tutorial/PackageTutorial/install/my_interfaces/share/ament_index/resource_index/parent_prefix_path/my_interfaces
[1.860s] -- Installing: /home/rokey/Desktop/Tutorial/ROS_Tutorial/PackageTutorial/install/my_interfaces/share/my_interfaces/environment/ament_prefix_path.sh
[1.860s] -- Installing: /home/rokey/Desktop/Tutorial/ROS_Tutorial/PackageTutorial/install/my_interfaces/share/my_interfaces/environment/ament_prefix_path.dsv
[1.860s] -- Installing: /home/rokey/Desktop/Tutorial/ROS_Tutorial/PackageTutorial/install/my_interfaces/share/my_interfaces/environment/path.sh
[1.860s] -- Installing: /home/rokey/Desktop/Tutorial/ROS_Tutorial/PackageTutorial/install/my_interfaces/share/my_interfaces/environment/path.dsv
[1.860s] -- Installing: /home/rokey/Desktop/Tutorial/ROS_Tutorial/PackageTutorial/install/my_interfaces/share/my_interfaces/local_setup.bash
[1.860s] -- Installing: /home/rokey/Desktop/Tutorial/ROS_Tutorial/PackageTutorial/install/my_interfaces/share/my_interfaces/local_setup.sh
[1.860s] -- Installing: /home/rokey/Desktop/Tutorial/ROS_Tutorial/PackageTutorial/install/my_interfaces/share/my_interfaces/local_setup.zsh
[1.860s] -- Installing: /home/rokey/Desktop/Tutorial/ROS_Tutorial/PackageTutorial/install/my_interfaces/share/my_interfaces/local_setup.dsv
[1.861s] -- Installing: /home/rokey/Desktop/Tutorial/ROS_Tutorial/PackageTutorial/install/my_interfaces/share/my_interfaces/package.dsv
[1.861s] -- Installing: /home/rokey/Desktop/Tutorial/ROS_Tutorial/PackageTutorial/install/my_interfaces/share/ament_index/resource_index/packages/my_interfaces
[1.861s] -- Installing: /home/rokey/Desktop/Tutorial/ROS_Tutorial/PackageTutorial/install/my_interfaces/share/my_interfaces/cmake/export_my_interfaces__rosidl_generator_cExport.cmake
[1.861s] -- Installing: /home/rokey/Desktop/Tutorial/ROS_Tutorial/PackageTutorial/install/my_interfaces/share/my_interfaces/cmake/export_my_interfaces__rosidl_generator_cExport-noconfig.cmake
[1.861s] -- Installing: /home/rokey/Desktop/Tutorial/ROS_Tutorial/PackageTutorial/install/my_interfaces/share/my_interfaces/cmake/export_my_interfaces__rosidl_typesupport_fastrtps_cExport.cmake
[1.861s] -- Installing: /home/rokey/Desktop/Tutorial/ROS_Tutorial/PackageTutorial/install/my_interfaces/share/my_interfaces/cmake/export_my_interfaces__rosidl_typesupport_fastrtps_cExport-noconfig.cmake
[1.861s] -- Installing: /home/rokey/Desktop/Tutorial/ROS_Tutorial/PackageTutorial/install/my_interfaces/share/my_interfaces/cmake/export_my_interfaces__rosidl_generator_cppExport.cmake
[1.861s] -- Installing: /home/rokey/Desktop/Tutorial/ROS_Tutorial/PackageTutorial/install/my_interfaces/share/my_interfaces/cmake/export_my_interfaces__rosidl_typesupport_fastrtps_cppExport.cmake
[1.861s] -- Installing: /home/rokey/Desktop/Tutorial/ROS_Tutorial/PackageTutorial/install/my_interfaces/share/my_interfaces/cmake/export_my_interfaces__rosidl_typesupport_fastrtps_cppExport-noconfig.cmake
[1.861s] -- Installing: /home/rokey/Desktop/Tutorial/ROS_Tutorial/PackageTutorial/install/my_interfaces/share/my_interfaces/cmake/my_interfaces__rosidl_typesupport_introspection_cExport.cmake
[1.861s] -- Installing: /home/rokey/Desktop/Tutorial/ROS_Tutorial/PackageTutorial/install/my_interfaces/share/my_interfaces/cmake/my_interfaces__rosidl_typesupport_introspection_cExport-noconfig.cmake
[1.862s] -- Installing: /home/rokey/Desktop/Tutorial/ROS_Tutorial/PackageTutorial/install/my_interfaces/share/my_interfaces/cmake/my_interfaces__rosidl_typesupport_cExport.cmake
[1.862s] -- Installing: /home/rokey/Desktop/Tutorial/ROS_Tutorial/PackageTutorial/install/my_interfaces/share/my_interfaces/cmake/my_interfaces__rosidl_typesupport_cExport-noconfig.cmake
[1.862s] -- Installing: /home/rokey/Desktop/Tutorial/ROS_Tutorial/PackageTutorial/install/my_interfaces/share/my_interfaces/cmake/my_interfaces__rosidl_typesupport_introspection_cppExport.cmake
[1.862s] -- Installing: /home/rokey/Desktop/Tutorial/ROS_Tutorial/PackageTutorial/install/my_interfaces/share/my_interfaces/cmake/my_interfaces__rosidl_typesupport_introspection_cppExport-noconfig.cmake
[1.862s] -- Installing: /home/rokey/Desktop/Tutorial/ROS_Tutorial/PackageTutorial/install/my_interfaces/share/my_interfaces/cmake/my_interfaces__rosidl_typesupport_cppExport.cmake
[1.862s] -- Installing: /home/rokey/Desktop/Tutorial/ROS_Tutorial/PackageTutorial/install/my_interfaces/share/my_interfaces/cmake/my_interfaces__rosidl_typesupport_cppExport-noconfig.cmake
[1.862s] -- Installing: /home/rokey/Desktop/Tutorial/ROS_Tutorial/PackageTutorial/install/my_interfaces/share/my_interfaces/cmake/export_my_interfaces__rosidl_generator_pyExport.cmake
[1.862s] -- Installing: /home/rokey/Desktop/Tutorial/ROS_Tutorial/PackageTutorial/install/my_interfaces/share/my_interfaces/cmake/export_my_interfaces__rosidl_generator_pyExport-noconfig.cmake
[1.862s] -- Installing: /home/rokey/Desktop/Tutorial/ROS_Tutorial/PackageTutorial/install/my_interfaces/share/my_interfaces/cmake/ament_cmake_export_dependencies-extras.cmake
[1.862s] -- Installing: /home/rokey/Desktop/Tutorial/ROS_Tutorial/PackageTutorial/install/my_interfaces/share/my_interfaces/cmake/rosidl_cmake-extras.cmake
[1.862s] -- Installing: /home/rokey/Desktop/Tutorial/ROS_Tutorial/PackageTutorial/install/my_interfaces/share/my_interfaces/cmake/ament_cmake_export_include_directories-extras.cmake
[1.862s] -- Installing: /home/rokey/Desktop/Tutorial/ROS_Tutorial/PackageTutorial/install/my_interfaces/share/my_interfaces/cmake/ament_cmake_export_libraries-extras.cmake
[1.863s] -- Installing: /home/rokey/Desktop/Tutorial/ROS_Tutorial/PackageTutorial/install/my_interfaces/share/my_interfaces/cmake/ament_cmake_export_targets-extras.cmake
[1.863s] -- Installing: /home/rokey/Desktop/Tutorial/ROS_Tutorial/PackageTutorial/install/my_interfaces/share/my_interfaces/cmake/rosidl_cmake_export_typesupport_targets-extras.cmake
[1.863s] -- Installing: /home/rokey/Desktop/Tutorial/ROS_Tutorial/PackageTutorial/install/my_interfaces/share/my_interfaces/cmake/rosidl_cmake_export_typesupport_libraries-extras.cmake
[1.863s] -- Installing: /home/rokey/Desktop/Tutorial/ROS_Tutorial/PackageTutorial/install/my_interfaces/share/my_interfaces/cmake/my_interfacesConfig.cmake
[1.863s] -- Installing: /home/rokey/Desktop/Tutorial/ROS_Tutorial/PackageTutorial/install/my_interfaces/share/my_interfaces/cmake/my_interfacesConfig-version.cmake
[1.863s] -- Installing: /home/rokey/Desktop/Tutorial/ROS_Tutorial/PackageTutorial/install/my_interfaces/share/my_interfaces/package.xml
[1.865s] Invoked command in '/home/rokey/Desktop/Tutorial/ROS_Tutorial/PackageTutorial/build/my_interfaces' returned '0': CMAKE_PREFIX_PATH=/opt/ros/humble /usr/bin/cmake --install /home/rokey/Desktop/Tutorial/ROS_Tutorial/PackageTutorial/build/my_interfaces
