[0.062s] [34mcolcon[0m [1;30mDEBUG[0m [32mCommand line arguments: ['/usr/bin/colcon', 'build'][0m
[0.062s] [34mcolcon[0m [1;30mDEBUG[0m [32mParsed command line arguments: Namespace(log_base=None, log_level=None, verb_name='build', build_base='build', install_base='install', merge_install=False, symlink_install=False, test_result_base=None, continue_on_error=False, executor='parallel', parallel_workers=16, event_handlers=None, ignore_user_meta=False, metas=['./colcon.meta'], base_paths=['.'], packages_ignore=None, packages_ignore_regex=None, paths=None, packages_up_to=None, packages_up_to_regex=None, packages_above=None, packages_above_and_dependencies=None, packages_above_depth=None, packages_select_by_dep=None, packages_skip_by_dep=None, packages_skip_up_to=None, packages_select_build_failed=False, packages_skip_build_finished=False, packages_select_test_failures=False, packages_skip_test_passed=False, packages_select=None, packages_skip=None, packages_select_regex=None, packages_skip_regex=None, packages_start=None, packages_end=None, allow_overriding=[], cmake_args=None, cmake_target=None, cmake_target_skip_unavailable=False, cmake_clean_cache=False, cmake_clean_first=False, cmake_force_configure=False, ament_cmake_args=None, catkin_cmake_args=None, catkin_skip_building_tests=False, verb_parser=<colcon_defaults.argument_parser.defaults.DefaultArgumentsDecorator object at 0x75ef2398c8b0>, verb_extension=<colcon_core.verb.build.BuildVerb object at 0x75ef2398c0a0>, main=<bound method BuildVerb.main of <colcon_core.verb.build.BuildVerb object at 0x75ef2398c0a0>>)[0m
[0.154s] [34mcolcon.colcon_core.package_discovery[0m [1;30mLevel 1[0m discover_packages(colcon_meta) check parameters
[0.154s] [34mcolcon.colcon_core.package_discovery[0m [1;30mLevel 1[0m discover_packages(recursive) check parameters
[0.154s] [34mcolcon.colcon_core.package_discovery[0m [1;30mLevel 1[0m discover_packages(ignore) check parameters
[0.154s] [34mcolcon.colcon_core.package_discovery[0m [1;30mLevel 1[0m discover_packages(path) check parameters
[0.154s] [34mcolcon.colcon_core.package_discovery[0m [1;30mLevel 1[0m discover_packages(colcon_meta) discover
[0.154s] [34mcolcon.colcon_core.package_discovery[0m [1;30mLevel 1[0m discover_packages(recursive) discover
[0.154s] [34mcolcon.colcon_core.package_discovery[0m [1;30mINFO[0m Crawling recursively for packages in '/home/rokey/Desktop/Tutorial/ROS_Tutorial/PackageTutorial'
[0.154s] [34mcolcon.colcon_core.package_identification[0m [1;30mLevel 1[0m _identify(.) by extensions ['ignore', 'ignore_ament_install']
[0.154s] [34mcolcon.colcon_core.package_identification[0m [1;30mLevel 1[0m _identify(.) by extension 'ignore'
[0.154s] [34mcolcon.colcon_core.package_identification[0m [1;30mLevel 1[0m _identify(.) by extension 'ignore_ament_install'
[0.154s] [34mcolcon.colcon_core.package_identification[0m [1;30mLevel 1[0m _identify(.) by extensions ['colcon_pkg']
[0.154s] [34mcolcon.colcon_core.package_identification[0m [1;30mLevel 1[0m _identify(.) by extension 'colcon_pkg'
[0.154s] [34mcolcon.colcon_core.package_identification[0m [1;30mLevel 1[0m _identify(.) by extensions ['colcon_meta']
[0.154s] [34mcolcon.colcon_core.package_identification[0m [1;30mLevel 1[0m _identify(.) by extension 'colcon_meta'
[0.154s] [34mcolcon.colcon_core.package_identification[0m [1;30mLevel 1[0m _identify(.) by extensions ['ros']
[0.154s] [34mcolcon.colcon_core.package_identification[0m [1;30mLevel 1[0m _identify(.) by extension 'ros'
[0.160s] [34mcolcon.colcon_core.package_identification[0m [1;30mLevel 1[0m _identify(.) by extensions ['cmake', 'python']
[0.160s] [34mcolcon.colcon_core.package_identification[0m [1;30mLevel 1[0m _identify(.) by extension 'cmake'
[0.160s] [34mcolcon.colcon_core.package_identification[0m [1;30mLevel 1[0m _identify(.) by extension 'python'
[0.160s] [34mcolcon.colcon_core.package_identification[0m [1;30mLevel 1[0m _identify(.) by extensions ['python_setup_py']
[0.160s] [34mcolcon.colcon_core.package_identification[0m [1;30mLevel 1[0m _identify(.) by extension 'python_setup_py'
[0.160s] [34mcolcon.colcon_core.package_identification[0m [1;30mLevel 1[0m _identify(build) by extensions ['ignore', 'ignore_ament_install']
[0.160s] [34mcolcon.colcon_core.package_identification[0m [1;30mLevel 1[0m _identify(build) by extension 'ignore'
[0.160s] [34mcolcon.colcon_core.package_identification[0m [1;30mLevel 1[0m _identify(build) ignored
[0.160s] [34mcolcon.colcon_core.package_identification[0m [1;30mLevel 1[0m _identify(install) by extensions ['ignore', 'ignore_ament_install']
[0.160s] [34mcolcon.colcon_core.package_identification[0m [1;30mLevel 1[0m _identify(install) by extension 'ignore'
[0.160s] [34mcolcon.colcon_core.package_identification[0m [1;30mLevel 1[0m _identify(install) ignored
[0.160s] [34mcolcon.colcon_core.package_identification[0m [1;30mLevel 1[0m _identify(log) by extensions ['ignore', 'ignore_ament_install']
[0.160s] [34mcolcon.colcon_core.package_identification[0m [1;30mLevel 1[0m _identify(log) by extension 'ignore'
[0.160s] [34mcolcon.colcon_core.package_identification[0m [1;30mLevel 1[0m _identify(log) ignored
[0.160s] [34mcolcon.colcon_core.package_identification[0m [1;30mLevel 1[0m _identify(src) by extensions ['ignore', 'ignore_ament_install']
[0.160s] [34mcolcon.colcon_core.package_identification[0m [1;30mLevel 1[0m _identify(src) by extension 'ignore'
[0.160s] [34mcolcon.colcon_core.package_identification[0m [1;30mLevel 1[0m _identify(src) by extension 'ignore_ament_install'
[0.160s] [34mcolcon.colcon_core.package_identification[0m [1;30mLevel 1[0m _identify(src) by extensions ['colcon_pkg']
[0.160s] [34mcolcon.colcon_core.package_identification[0m [1;30mLevel 1[0m _identify(src) by extension 'colcon_pkg'
[0.160s] [34mcolcon.colcon_core.package_identification[0m [1;30mLevel 1[0m _identify(src) by extensions ['colcon_meta']
[0.160s] [34mcolcon.colcon_core.package_identification[0m [1;30mLevel 1[0m _identify(src) by extension 'colcon_meta'
[0.160s] [34mcolcon.colcon_core.package_identification[0m [1;30mLevel 1[0m _identify(src) by extensions ['ros']
[0.160s] [34mcolcon.colcon_core.package_identification[0m [1;30mLevel 1[0m _identify(src) by extension 'ros'
[0.160s] [34mcolcon.colcon_core.package_identification[0m [1;30mLevel 1[0m _identify(src) by extensions ['cmake', 'python']
[0.160s] [34mcolcon.colcon_core.package_identification[0m [1;30mLevel 1[0m _identify(src) by extension 'cmake'
[0.160s] [34mcolcon.colcon_core.package_identification[0m [1;30mLevel 1[0m _identify(src) by extension 'python'
[0.160s] [34mcolcon.colcon_core.package_identification[0m [1;30mLevel 1[0m _identify(src) by extensions ['python_setup_py']
[0.160s] [34mcolcon.colcon_core.package_identification[0m [1;30mLevel 1[0m _identify(src) by extension 'python_setup_py'
[0.160s] [34mcolcon.colcon_core.package_identification[0m [1;30mLevel 1[0m _identify(src/my_interfaces) by extensions ['ignore', 'ignore_ament_install']
[0.160s] [34mcolcon.colcon_core.package_identification[0m [1;30mLevel 1[0m _identify(src/my_interfaces) by extension 'ignore'
[0.160s] [34mcolcon.colcon_core.package_identification[0m [1;30mLevel 1[0m _identify(src/my_interfaces) by extension 'ignore_ament_install'
[0.160s] [34mcolcon.colcon_core.package_identification[0m [1;30mLevel 1[0m _identify(src/my_interfaces) by extensions ['colcon_pkg']
[0.160s] [34mcolcon.colcon_core.package_identification[0m [1;30mLevel 1[0m _identify(src/my_interfaces) by extension 'colcon_pkg'
[0.160s] [34mcolcon.colcon_core.package_identification[0m [1;30mLevel 1[0m _identify(src/my_interfaces) by extensions ['colcon_meta']
[0.160s] [34mcolcon.colcon_core.package_identification[0m [1;30mLevel 1[0m _identify(src/my_interfaces) by extension 'colcon_meta'
[0.160s] [34mcolcon.colcon_core.package_identification[0m [1;30mLevel 1[0m _identify(src/my_interfaces) by extensions ['ros']
[0.160s] [34mcolcon.colcon_core.package_identification[0m [1;30mLevel 1[0m _identify(src/my_interfaces) by extension 'ros'
[0.161s] [34mcolcon.colcon_core.package_identification[0m [1;30mDEBUG[0m [32mPackage 'src/my_interfaces' with type 'ros.ament_cmake' and name 'my_interfaces'[0m
[0.161s] [34mcolcon.colcon_core.package_identification[0m [1;30mLevel 1[0m _identify(src/my_service_pkg) by extensions ['ignore', 'ignore_ament_install']
[0.161s] [34mcolcon.colcon_core.package_identification[0m [1;30mLevel 1[0m _identify(src/my_service_pkg) by extension 'ignore'
[0.161s] [34mcolcon.colcon_core.package_identification[0m [1;30mLevel 1[0m _identify(src/my_service_pkg) by extension 'ignore_ament_install'
[0.161s] [34mcolcon.colcon_core.package_identification[0m [1;30mLevel 1[0m _identify(src/my_service_pkg) by extensions ['colcon_pkg']
[0.162s] [34mcolcon.colcon_core.package_identification[0m [1;30mLevel 1[0m _identify(src/my_service_pkg) by extension 'colcon_pkg'
[0.162s] [34mcolcon.colcon_core.package_identification[0m [1;30mLevel 1[0m _identify(src/my_service_pkg) by extensions ['colcon_meta']
[0.162s] [34mcolcon.colcon_core.package_identification[0m [1;30mLevel 1[0m _identify(src/my_service_pkg) by extension 'colcon_meta'
[0.162s] [34mcolcon.colcon_core.package_identification[0m [1;30mLevel 1[0m _identify(src/my_service_pkg) by extensions ['ros']
[0.162s] [34mcolcon.colcon_core.package_identification[0m [1;30mLevel 1[0m _identify(src/my_service_pkg) by extension 'ros'
[0.162s] [34mcolcon.colcon_core.package_identification[0m [1;30mDEBUG[0m [32mPackage 'src/my_service_pkg' with type 'ros.ament_python' and name 'my_service_pkg'[0m
[0.162s] [34mcolcon.colcon_core.package_discovery[0m [1;30mLevel 1[0m discover_packages(recursive) using defaults
[0.162s] [34mcolcon.colcon_core.package_discovery[0m [1;30mLevel 1[0m discover_packages(ignore) discover
[0.162s] [34mcolcon.colcon_core.package_discovery[0m [1;30mLevel 1[0m discover_packages(ignore) using defaults
[0.162s] [34mcolcon.colcon_core.package_discovery[0m [1;30mLevel 1[0m discover_packages(path) discover
[0.162s] [34mcolcon.colcon_core.package_discovery[0m [1;30mLevel 1[0m discover_packages(path) using defaults
[0.168s] [34mcolcon.colcon_core.package_discovery[0m [1;30mLevel 1[0m discover_packages(prefix_path) check parameters
[0.168s] [34mcolcon.colcon_core.package_discovery[0m [1;30mLevel 1[0m discover_packages(prefix_path) discover
[0.169s] [34mcolcon.colcon_installed_package_information.package_discovery[0m [1;30mDEBUG[0m [32mFound 334 installed packages in /opt/ros/humble[0m
[0.170s] [34mcolcon.colcon_core.package_discovery[0m [1;30mLevel 1[0m discover_packages(prefix_path) using defaults
[0.188s] [34mcolcon.colcon_core.verb[0m [1;30mLevel 5[0m set package 'my_interfaces' build argument 'cmake_args' from command line to 'None'
[0.188s] [34mcolcon.colcon_core.verb[0m [1;30mLevel 5[0m set package 'my_interfaces' build argument 'cmake_target' from command line to 'None'
[0.188s] [34mcolcon.colcon_core.verb[0m [1;30mLevel 5[0m set package 'my_interfaces' build argument 'cmake_target_skip_unavailable' from command line to 'False'
[0.188s] [34mcolcon.colcon_core.verb[0m [1;30mLevel 5[0m set package 'my_interfaces' build argument 'cmake_clean_cache' from command line to 'False'
[0.188s] [34mcolcon.colcon_core.verb[0m [1;30mLevel 5[0m set package 'my_interfaces' build argument 'cmake_clean_first' from command line to 'False'
[0.188s] [34mcolcon.colcon_core.verb[0m [1;30mLevel 5[0m set package 'my_interfaces' build argument 'cmake_force_configure' from command line to 'False'
[0.188s] [34mcolcon.colcon_core.verb[0m [1;30mLevel 5[0m set package 'my_interfaces' build argument 'ament_cmake_args' from command line to 'None'
[0.189s] [34mcolcon.colcon_core.verb[0m [1;30mLevel 5[0m set package 'my_interfaces' build argument 'catkin_cmake_args' from command line to 'None'
[0.189s] [34mcolcon.colcon_core.verb[0m [1;30mLevel 5[0m set package 'my_interfaces' build argument 'catkin_skip_building_tests' from command line to 'False'
[0.189s] [34mcolcon.colcon_core.verb[0m [1;30mDEBUG[0m [32mBuilding package 'my_interfaces' with the following arguments: {'ament_cmake_args': None, 'build_base': '/home/rokey/Desktop/Tutorial/ROS_Tutorial/PackageTutorial/build/my_interfaces', 'catkin_cmake_args': None, 'catkin_skip_building_tests': False, 'cmake_args': None, 'cmake_clean_cache': False, 'cmake_clean_first': False, 'cmake_force_configure': False, 'cmake_target': None, 'cmake_target_skip_unavailable': False, 'install_base': '/home/rokey/Desktop/Tutorial/ROS_Tutorial/PackageTutorial/install/my_interfaces', 'merge_install': False, 'path': '/home/rokey/Desktop/Tutorial/ROS_Tutorial/PackageTutorial/src/my_interfaces', 'symlink_install': False, 'test_result_base': None}[0m
[0.189s] [34mcolcon.colcon_core.verb[0m [1;30mLevel 5[0m set package 'my_service_pkg' build argument 'cmake_args' from command line to 'None'
[0.189s] [34mcolcon.colcon_core.verb[0m [1;30mLevel 5[0m set package 'my_service_pkg' build argument 'cmake_target' from command line to 'None'
[0.189s] [34mcolcon.colcon_core.verb[0m [1;30mLevel 5[0m set package 'my_service_pkg' build argument 'cmake_target_skip_unavailable' from command line to 'False'
[0.189s] [34mcolcon.colcon_core.verb[0m [1;30mLevel 5[0m set package 'my_service_pkg' build argument 'cmake_clean_cache' from command line to 'False'
[0.189s] [34mcolcon.colcon_core.verb[0m [1;30mLevel 5[0m set package 'my_service_pkg' build argument 'cmake_clean_first' from command line to 'False'
[0.189s] [34mcolcon.colcon_core.verb[0m [1;30mLevel 5[0m set package 'my_service_pkg' build argument 'cmake_force_configure' from command line to 'False'
[0.189s] [34mcolcon.colcon_core.verb[0m [1;30mLevel 5[0m set package 'my_service_pkg' build argument 'ament_cmake_args' from command line to 'None'
[0.189s] [34mcolcon.colcon_core.verb[0m [1;30mLevel 5[0m set package 'my_service_pkg' build argument 'catkin_cmake_args' from command line to 'None'
[0.189s] [34mcolcon.colcon_core.verb[0m [1;30mLevel 5[0m set package 'my_service_pkg' build argument 'catkin_skip_building_tests' from command line to 'False'
[0.189s] [34mcolcon.colcon_core.verb[0m [1;30mDEBUG[0m [32mBuilding package 'my_service_pkg' with the following arguments: {'ament_cmake_args': None, 'build_base': '/home/rokey/Desktop/Tutorial/ROS_Tutorial/PackageTutorial/build/my_service_pkg', 'catkin_cmake_args': None, 'catkin_skip_building_tests': False, 'cmake_args': None, 'cmake_clean_cache': False, 'cmake_clean_first': False, 'cmake_force_configure': False, 'cmake_target': None, 'cmake_target_skip_unavailable': False, 'install_base': '/home/rokey/Desktop/Tutorial/ROS_Tutorial/PackageTutorial/install/my_service_pkg', 'merge_install': False, 'path': '/home/rokey/Desktop/Tutorial/ROS_Tutorial/PackageTutorial/src/my_service_pkg', 'symlink_install': False, 'test_result_base': None}[0m
[0.189s] [34mcolcon.colcon_core.executor[0m [1;30mINFO[0m Executing jobs using 'parallel' executor
[0.189s] [34mcolcon.colcon_parallel_executor.executor.parallel[0m [1;30mDEBUG[0m [32mrun_until_complete[0m
[0.189s] [34mcolcon.colcon_ros.task.ament_cmake.build[0m [1;30mINFO[0m Building ROS package in '/home/rokey/Desktop/Tutorial/ROS_Tutorial/PackageTutorial/src/my_interfaces' with build type 'ament_cmake'
[0.190s] [34mcolcon.colcon_cmake.task.cmake.build[0m [1;30mINFO[0m Building CMake package in '/home/rokey/Desktop/Tutorial/ROS_Tutorial/PackageTutorial/src/my_interfaces'
[0.190s] [34mcolcon.colcon_core.plugin_system[0m [1;30mINFO[0m Skipping extension 'colcon_core.shell.bat': Not used on non-Windows systems
[0.191s] [34mcolcon.colcon_core.shell[0m [1;30mINFO[0m Skip shell extension 'powershell' for command environment: Not usable outside of PowerShell
[0.191s] [34mcolcon.colcon_core.shell[0m [1;30mDEBUG[0m [32mSkip shell extension 'dsv' for command environment[0m
[0.195s] [34mcolcon.colcon_core.event_handler.log_command[0m [1;30mDEBUG[0m [32mInvoking command in '/home/rokey/Desktop/Tutorial/ROS_Tutorial/PackageTutorial/build/my_interfaces': CMAKE_PREFIX_PATH=/opt/ros/humble /usr/bin/cmake /home/rokey/Desktop/Tutorial/ROS_Tutorial/PackageTutorial/src/my_interfaces -DCMAKE_INSTALL_PREFIX=/home/rokey/Desktop/Tutorial/ROS_Tutorial/PackageTutorial/install/my_interfaces[0m
[1.083s] [34mcolcon.colcon_core.event_handler.log_command[0m [1;30mDEBUG[0m [32mInvoked command in '/home/rokey/Desktop/Tutorial/ROS_Tutorial/PackageTutorial/build/my_interfaces' returned '0': CMAKE_PREFIX_PATH=/opt/ros/humble /usr/bin/cmake /home/rokey/Desktop/Tutorial/ROS_Tutorial/PackageTutorial/src/my_interfaces -DCMAKE_INSTALL_PREFIX=/home/rokey/Desktop/Tutorial/ROS_Tutorial/PackageTutorial/install/my_interfaces[0m
[1.084s] [34mcolcon.colcon_core.event_handler.log_command[0m [1;30mDEBUG[0m [32mInvoking command in '/home/rokey/Desktop/Tutorial/ROS_Tutorial/PackageTutorial/build/my_interfaces': CMAKE_PREFIX_PATH=/opt/ros/humble /usr/bin/cmake --build /home/rokey/Desktop/Tutorial/ROS_Tutorial/PackageTutorial/build/my_interfaces -- -j16 -l16[0m
[2.009s] [34mcolcon.colcon_core.event_handler.log_command[0m [1;30mDEBUG[0m [32mInvoked command in '/home/rokey/Desktop/Tutorial/ROS_Tutorial/PackageTutorial/build/my_interfaces' returned '0': CMAKE_PREFIX_PATH=/opt/ros/humble /usr/bin/cmake --build /home/rokey/Desktop/Tutorial/ROS_Tutorial/PackageTutorial/build/my_interfaces -- -j16 -l16[0m
[2.015s] [34mcolcon.colcon_core.event_handler.log_command[0m [1;30mDEBUG[0m [32mInvoking command in '/home/rokey/Desktop/Tutorial/ROS_Tutorial/PackageTutorial/build/my_interfaces': CMAKE_PREFIX_PATH=/opt/ros/humble /usr/bin/cmake --install /home/rokey/Desktop/Tutorial/ROS_Tutorial/PackageTutorial/build/my_interfaces[0m
[2.055s] [34mcolcon.colcon_core.environment[0m [1;30mLevel 1[0m create_environment_scripts_only(my_interfaces)
[2.055s] [34mcolcon.colcon_core.event_handler.log_command[0m [1;30mDEBUG[0m [32mInvoked command in '/home/rokey/Desktop/Tutorial/ROS_Tutorial/PackageTutorial/build/my_interfaces' returned '0': CMAKE_PREFIX_PATH=/opt/ros/humble /usr/bin/cmake --install /home/rokey/Desktop/Tutorial/ROS_Tutorial/PackageTutorial/build/my_interfaces[0m
[2.056s] [34mcolcon.colcon_core.environment[0m [1;30mLevel 1[0m checking '/home/rokey/Desktop/Tutorial/ROS_Tutorial/PackageTutorial/install/my_interfaces' for CMake module files
[2.057s] [34mcolcon.colcon_core.environment[0m [1;30mLevel 1[0m checking '/home/rokey/Desktop/Tutorial/ROS_Tutorial/PackageTutorial/install/my_interfaces' for CMake config files
[2.057s] [34mcolcon.colcon_core.shell[0m [1;30mLevel 1[0m create_environment_hook('my_interfaces', 'cmake_prefix_path')
[2.057s] [34mcolcon.colcon_core.shell[0m [1;30mINFO[0m Creating environment hook '/home/rokey/Desktop/Tutorial/ROS_Tutorial/PackageTutorial/install/my_interfaces/share/my_interfaces/hook/cmake_prefix_path.ps1'
[2.057s] [34mcolcon.colcon_core.shell[0m [1;30mINFO[0m Creating environment descriptor '/home/rokey/Desktop/Tutorial/ROS_Tutorial/PackageTutorial/install/my_interfaces/share/my_interfaces/hook/cmake_prefix_path.dsv'
[2.057s] [34mcolcon.colcon_core.shell[0m [1;30mINFO[0m Creating environment hook '/home/rokey/Desktop/Tutorial/ROS_Tutorial/PackageTutorial/install/my_interfaces/share/my_interfaces/hook/cmake_prefix_path.sh'
[2.058s] [34mcolcon.colcon_core.environment[0m [1;30mLevel 1[0m checking '/home/rokey/Desktop/Tutorial/ROS_Tutorial/PackageTutorial/install/my_interfaces/lib'
[2.058s] [34mcolcon.colcon_core.shell[0m [1;30mLevel 1[0m create_environment_hook('my_interfaces', 'ld_library_path_lib')
[2.058s] [34mcolcon.colcon_core.shell[0m [1;30mINFO[0m Creating environment hook '/home/rokey/Desktop/Tutorial/ROS_Tutorial/PackageTutorial/install/my_interfaces/share/my_interfaces/hook/ld_library_path_lib.ps1'
[2.058s] [34mcolcon.colcon_core.shell[0m [1;30mINFO[0m Creating environment descriptor '/home/rokey/Desktop/Tutorial/ROS_Tutorial/PackageTutorial/install/my_interfaces/share/my_interfaces/hook/ld_library_path_lib.dsv'
[2.058s] [34mcolcon.colcon_core.shell[0m [1;30mINFO[0m Creating environment hook '/home/rokey/Desktop/Tutorial/ROS_Tutorial/PackageTutorial/install/my_interfaces/share/my_interfaces/hook/ld_library_path_lib.sh'
[2.058s] [34mcolcon.colcon_core.environment[0m [1;30mLevel 1[0m checking '/home/rokey/Desktop/Tutorial/ROS_Tutorial/PackageTutorial/install/my_interfaces/bin'
[2.059s] [34mcolcon.colcon_core.environment[0m [1;30mLevel 1[0m checking '/home/rokey/Desktop/Tutorial/ROS_Tutorial/PackageTutorial/install/my_interfaces/lib/pkgconfig/my_interfaces.pc'
[2.059s] [34mcolcon.colcon_core.environment[0m [1;30mLevel 1[0m checking '/home/rokey/Desktop/Tutorial/ROS_Tutorial/PackageTutorial/install/my_interfaces/lib/python3.10/site-packages'
[2.059s] [34mcolcon.colcon_core.environment[0m [1;30mLevel 1[0m checking '/home/rokey/Desktop/Tutorial/ROS_Tutorial/PackageTutorial/install/my_interfaces/bin'
[2.059s] [34mcolcon.colcon_core.shell[0m [1;30mINFO[0m Creating package script '/home/rokey/Desktop/Tutorial/ROS_Tutorial/PackageTutorial/install/my_interfaces/share/my_interfaces/package.ps1'
[2.059s] [34mcolcon.colcon_core.shell[0m [1;30mINFO[0m Creating package descriptor '/home/rokey/Desktop/Tutorial/ROS_Tutorial/PackageTutorial/install/my_interfaces/share/my_interfaces/package.dsv'
[2.059s] [34mcolcon.colcon_core.shell[0m [1;30mINFO[0m Creating package script '/home/rokey/Desktop/Tutorial/ROS_Tutorial/PackageTutorial/install/my_interfaces/share/my_interfaces/package.sh'
[2.060s] [34mcolcon.colcon_core.shell[0m [1;30mINFO[0m Creating package script '/home/rokey/Desktop/Tutorial/ROS_Tutorial/PackageTutorial/install/my_interfaces/share/my_interfaces/package.bash'
[2.060s] [34mcolcon.colcon_core.shell[0m [1;30mINFO[0m Creating package script '/home/rokey/Desktop/Tutorial/ROS_Tutorial/PackageTutorial/install/my_interfaces/share/my_interfaces/package.zsh'
[2.060s] [34mcolcon.colcon_core.environment[0m [1;30mLevel 1[0m create_file_with_runtime_dependencies(/home/rokey/Desktop/Tutorial/ROS_Tutorial/PackageTutorial/install/my_interfaces/share/colcon-core/packages/my_interfaces)
[2.061s] [34mcolcon.colcon_core.environment[0m [1;30mLevel 1[0m create_environment_scripts_only(my_interfaces)
[2.061s] [34mcolcon.colcon_core.environment[0m [1;30mLevel 1[0m checking '/home/rokey/Desktop/Tutorial/ROS_Tutorial/PackageTutorial/install/my_interfaces' for CMake module files
[2.061s] [34mcolcon.colcon_core.environment[0m [1;30mLevel 1[0m checking '/home/rokey/Desktop/Tutorial/ROS_Tutorial/PackageTutorial/install/my_interfaces' for CMake config files
[2.061s] [34mcolcon.colcon_core.shell[0m [1;30mLevel 1[0m create_environment_hook('my_interfaces', 'cmake_prefix_path')
[2.061s] [34mcolcon.colcon_core.shell[0m [1;30mINFO[0m Creating environment hook '/home/rokey/Desktop/Tutorial/ROS_Tutorial/PackageTutorial/install/my_interfaces/share/my_interfaces/hook/cmake_prefix_path.ps1'
[2.061s] [34mcolcon.colcon_core.shell[0m [1;30mINFO[0m Creating environment descriptor '/home/rokey/Desktop/Tutorial/ROS_Tutorial/PackageTutorial/install/my_interfaces/share/my_interfaces/hook/cmake_prefix_path.dsv'
[2.061s] [34mcolcon.colcon_core.shell[0m [1;30mINFO[0m Creating environment hook '/home/rokey/Desktop/Tutorial/ROS_Tutorial/PackageTutorial/install/my_interfaces/share/my_interfaces/hook/cmake_prefix_path.sh'
[2.062s] [34mcolcon.colcon_core.environment[0m [1;30mLevel 1[0m checking '/home/rokey/Desktop/Tutorial/ROS_Tutorial/PackageTutorial/install/my_interfaces/lib'
[2.062s] [34mcolcon.colcon_core.shell[0m [1;30mLevel 1[0m create_environment_hook('my_interfaces', 'ld_library_path_lib')
[2.062s] [34mcolcon.colcon_core.shell[0m [1;30mINFO[0m Creating environment hook '/home/rokey/Desktop/Tutorial/ROS_Tutorial/PackageTutorial/install/my_interfaces/share/my_interfaces/hook/ld_library_path_lib.ps1'
[2.062s] [34mcolcon.colcon_core.shell[0m [1;30mINFO[0m Creating environment descriptor '/home/rokey/Desktop/Tutorial/ROS_Tutorial/PackageTutorial/install/my_interfaces/share/my_interfaces/hook/ld_library_path_lib.dsv'
[2.062s] [34mcolcon.colcon_core.shell[0m [1;30mINFO[0m Creating environment hook '/home/rokey/Desktop/Tutorial/ROS_Tutorial/PackageTutorial/install/my_interfaces/share/my_interfaces/hook/ld_library_path_lib.sh'
[2.062s] [34mcolcon.colcon_core.environment[0m [1;30mLevel 1[0m checking '/home/rokey/Desktop/Tutorial/ROS_Tutorial/PackageTutorial/install/my_interfaces/bin'
[2.062s] [34mcolcon.colcon_core.environment[0m [1;30mLevel 1[0m checking '/home/rokey/Desktop/Tutorial/ROS_Tutorial/PackageTutorial/install/my_interfaces/lib/pkgconfig/my_interfaces.pc'
[2.062s] [34mcolcon.colcon_core.environment[0m [1;30mLevel 1[0m checking '/home/rokey/Desktop/Tutorial/ROS_Tutorial/PackageTutorial/install/my_interfaces/lib/python3.10/site-packages'
[2.062s] [34mcolcon.colcon_core.environment[0m [1;30mLevel 1[0m checking '/home/rokey/Desktop/Tutorial/ROS_Tutorial/PackageTutorial/install/my_interfaces/bin'
[2.063s] [34mcolcon.colcon_core.shell[0m [1;30mINFO[0m Creating package script '/home/rokey/Desktop/Tutorial/ROS_Tutorial/PackageTutorial/install/my_interfaces/share/my_interfaces/package.ps1'
[2.063s] [34mcolcon.colcon_core.shell[0m [1;30mINFO[0m Creating package descriptor '/home/rokey/Desktop/Tutorial/ROS_Tutorial/PackageTutorial/install/my_interfaces/share/my_interfaces/package.dsv'
[2.063s] [34mcolcon.colcon_core.shell[0m [1;30mINFO[0m Creating package script '/home/rokey/Desktop/Tutorial/ROS_Tutorial/PackageTutorial/install/my_interfaces/share/my_interfaces/package.sh'
[2.063s] [34mcolcon.colcon_core.shell[0m [1;30mINFO[0m Creating package script '/home/rokey/Desktop/Tutorial/ROS_Tutorial/PackageTutorial/install/my_interfaces/share/my_interfaces/package.bash'
[2.063s] [34mcolcon.colcon_core.shell[0m [1;30mINFO[0m Creating package script '/home/rokey/Desktop/Tutorial/ROS_Tutorial/PackageTutorial/install/my_interfaces/share/my_interfaces/package.zsh'
[2.064s] [34mcolcon.colcon_core.environment[0m [1;30mLevel 1[0m create_file_with_runtime_dependencies(/home/rokey/Desktop/Tutorial/ROS_Tutorial/PackageTutorial/install/my_interfaces/share/colcon-core/packages/my_interfaces)
[2.064s] [34mcolcon.colcon_ros.task.ament_python.build[0m [1;30mINFO[0m Building ROS package in '/home/rokey/Desktop/Tutorial/ROS_Tutorial/PackageTutorial/src/my_service_pkg' with build type 'ament_python'
[2.064s] [34mcolcon.colcon_core.shell[0m [1;30mLevel 1[0m create_environment_hook('my_service_pkg', 'ament_prefix_path')
[2.064s] [34mcolcon.colcon_core.shell[0m [1;30mINFO[0m Creating environment hook '/home/rokey/Desktop/Tutorial/ROS_Tutorial/PackageTutorial/install/my_service_pkg/share/my_service_pkg/hook/ament_prefix_path.ps1'
[2.064s] [34mcolcon.colcon_core.shell[0m [1;30mINFO[0m Creating environment descriptor '/home/rokey/Desktop/Tutorial/ROS_Tutorial/PackageTutorial/install/my_service_pkg/share/my_service_pkg/hook/ament_prefix_path.dsv'
[2.064s] [34mcolcon.colcon_core.shell[0m [1;30mINFO[0m Creating environment hook '/home/rokey/Desktop/Tutorial/ROS_Tutorial/PackageTutorial/install/my_service_pkg/share/my_service_pkg/hook/ament_prefix_path.sh'
[2.065s] [34mcolcon.colcon_core.shell[0m [1;30mINFO[0m Skip shell extension 'powershell' for command environment: Not usable outside of PowerShell
[2.065s] [34mcolcon.colcon_core.shell[0m [1;30mDEBUG[0m [32mSkip shell extension 'dsv' for command environment[0m
[2.204s] [34mcolcon.colcon_core.task.python.build[0m [1;30mINFO[0m Building Python package in '/home/rokey/Desktop/Tutorial/ROS_Tutorial/PackageTutorial/src/my_service_pkg'
[2.204s] [34mcolcon.colcon_core.shell[0m [1;30mINFO[0m Skip shell extension 'powershell' for command environment: Not usable outside of PowerShell
[2.204s] [34mcolcon.colcon_core.shell[0m [1;30mDEBUG[0m [32mSkip shell extension 'dsv' for command environment[0m
[2.409s] [34mcolcon.colcon_core.event_handler.log_command[0m [1;30mDEBUG[0m [32mInvoking command in '/home/rokey/Desktop/Tutorial/ROS_Tutorial/PackageTutorial/src/my_service_pkg': AMENT_PREFIX_PATH=/home/rokey/Desktop/Tutorial/ROS_Tutorial/PackageTutorial/install/my_interfaces:${AMENT_PREFIX_PATH} CMAKE_PREFIX_PATH=/home/rokey/Desktop/Tutorial/ROS_Tutorial/PackageTutorial/install/my_interfaces LD_LIBRARY_PATH=/home/rokey/Desktop/Tutorial/ROS_Tutorial/PackageTutorial/install/my_interfaces/lib:${LD_LIBRARY_PATH} PYTHONPATH=/home/rokey/Desktop/Tutorial/ROS_Tutorial/PackageTutorial/build/my_service_pkg/prefix_override:/usr/lib/python3/dist-packages/colcon_core/task/python/colcon_distutils_commands:/home/rokey/Desktop/Tutorial/ROS_Tutorial/PackageTutorial/install/my_service_pkg/lib/python3.10/site-packages:/home/rokey/Desktop/Tutorial/ROS_Tutorial/PackageTutorial/install/my_interfaces/local/lib/python3.10/dist-packages:${PYTHONPATH} /usr/bin/python3 -W ignore:setup.py install is deprecated -W ignore:easy_install command is deprecated setup.py egg_info --egg-base ../../build/my_service_pkg build --build-base /home/rokey/Desktop/Tutorial/ROS_Tutorial/PackageTutorial/build/my_service_pkg/build install --record /home/rokey/Desktop/Tutorial/ROS_Tutorial/PackageTutorial/build/my_service_pkg/install.log --single-version-externally-managed install_data[0m
[2.558s] [34mcolcon.colcon_core.environment[0m [1;30mLevel 1[0m checking '/home/rokey/Desktop/Tutorial/ROS_Tutorial/PackageTutorial/install/my_service_pkg' for CMake module files
[2.559s] [34mcolcon.colcon_core.event_handler.log_command[0m [1;30mDEBUG[0m [32mInvoked command in '/home/rokey/Desktop/Tutorial/ROS_Tutorial/PackageTutorial/src/my_service_pkg' returned '0': AMENT_PREFIX_PATH=/home/rokey/Desktop/Tutorial/ROS_Tutorial/PackageTutorial/install/my_interfaces:${AMENT_PREFIX_PATH} CMAKE_PREFIX_PATH=/home/rokey/Desktop/Tutorial/ROS_Tutorial/PackageTutorial/install/my_interfaces LD_LIBRARY_PATH=/home/rokey/Desktop/Tutorial/ROS_Tutorial/PackageTutorial/install/my_interfaces/lib:${LD_LIBRARY_PATH} PYTHONPATH=/home/rokey/Desktop/Tutorial/ROS_Tutorial/PackageTutorial/build/my_service_pkg/prefix_override:/usr/lib/python3/dist-packages/colcon_core/task/python/colcon_distutils_commands:/home/rokey/Desktop/Tutorial/ROS_Tutorial/PackageTutorial/install/my_service_pkg/lib/python3.10/site-packages:/home/rokey/Desktop/Tutorial/ROS_Tutorial/PackageTutorial/install/my_interfaces/local/lib/python3.10/dist-packages:${PYTHONPATH} /usr/bin/python3 -W ignore:setup.py install is deprecated -W ignore:easy_install command is deprecated setup.py egg_info --egg-base ../../build/my_service_pkg build --build-base /home/rokey/Desktop/Tutorial/ROS_Tutorial/PackageTutorial/build/my_service_pkg/build install --record /home/rokey/Desktop/Tutorial/ROS_Tutorial/PackageTutorial/build/my_service_pkg/install.log --single-version-externally-managed install_data[0m
[2.559s] [34mcolcon.colcon_core.environment[0m [1;30mLevel 1[0m checking '/home/rokey/Desktop/Tutorial/ROS_Tutorial/PackageTutorial/install/my_service_pkg' for CMake config files
[2.559s] [34mcolcon.colcon_core.environment[0m [1;30mLevel 1[0m checking '/home/rokey/Desktop/Tutorial/ROS_Tutorial/PackageTutorial/install/my_service_pkg/lib'
[2.559s] [34mcolcon.colcon_core.environment[0m [1;30mLevel 1[0m checking '/home/rokey/Desktop/Tutorial/ROS_Tutorial/PackageTutorial/install/my_service_pkg/bin'
[2.559s] [34mcolcon.colcon_core.environment[0m [1;30mLevel 1[0m checking '/home/rokey/Desktop/Tutorial/ROS_Tutorial/PackageTutorial/install/my_service_pkg/lib/pkgconfig/my_service_pkg.pc'
[2.559s] [34mcolcon.colcon_core.environment[0m [1;30mLevel 1[0m checking '/home/rokey/Desktop/Tutorial/ROS_Tutorial/PackageTutorial/install/my_service_pkg/lib/python3.10/site-packages'
[2.559s] [34mcolcon.colcon_core.shell[0m [1;30mLevel 1[0m create_environment_hook('my_service_pkg', 'pythonpath')
[2.559s] [34mcolcon.colcon_core.shell[0m [1;30mINFO[0m Creating environment hook '/home/rokey/Desktop/Tutorial/ROS_Tutorial/PackageTutorial/install/my_service_pkg/share/my_service_pkg/hook/pythonpath.ps1'
[2.560s] [34mcolcon.colcon_core.shell[0m [1;30mINFO[0m Creating environment descriptor '/home/rokey/Desktop/Tutorial/ROS_Tutorial/PackageTutorial/install/my_service_pkg/share/my_service_pkg/hook/pythonpath.dsv'
[2.560s] [34mcolcon.colcon_core.shell[0m [1;30mINFO[0m Creating environment hook '/home/rokey/Desktop/Tutorial/ROS_Tutorial/PackageTutorial/install/my_service_pkg/share/my_service_pkg/hook/pythonpath.sh'
[2.560s] [34mcolcon.colcon_core.environment[0m [1;30mLevel 1[0m checking '/home/rokey/Desktop/Tutorial/ROS_Tutorial/PackageTutorial/install/my_service_pkg/bin'
[2.560s] [34mcolcon.colcon_core.environment[0m [1;30mLevel 1[0m create_environment_scripts_only(my_service_pkg)
[2.560s] [34mcolcon.colcon_core.shell[0m [1;30mINFO[0m Creating package script '/home/rokey/Desktop/Tutorial/ROS_Tutorial/PackageTutorial/install/my_service_pkg/share/my_service_pkg/package.ps1'
[2.560s] [34mcolcon.colcon_core.shell[0m [1;30mINFO[0m Creating package descriptor '/home/rokey/Desktop/Tutorial/ROS_Tutorial/PackageTutorial/install/my_service_pkg/share/my_service_pkg/package.dsv'
[2.561s] [34mcolcon.colcon_core.shell[0m [1;30mINFO[0m Creating package script '/home/rokey/Desktop/Tutorial/ROS_Tutorial/PackageTutorial/install/my_service_pkg/share/my_service_pkg/package.sh'
[2.561s] [34mcolcon.colcon_core.shell[0m [1;30mINFO[0m Creating package script '/home/rokey/Desktop/Tutorial/ROS_Tutorial/PackageTutorial/install/my_service_pkg/share/my_service_pkg/package.bash'
[2.561s] [34mcolcon.colcon_core.shell[0m [1;30mINFO[0m Creating package script '/home/rokey/Desktop/Tutorial/ROS_Tutorial/PackageTutorial/install/my_service_pkg/share/my_service_pkg/package.zsh'
[2.561s] [34mcolcon.colcon_core.environment[0m [1;30mLevel 1[0m create_file_with_runtime_dependencies(/home/rokey/Desktop/Tutorial/ROS_Tutorial/PackageTutorial/install/my_service_pkg/share/colcon-core/packages/my_service_pkg)
[2.561s] [34mcolcon.colcon_parallel_executor.executor.parallel[0m [1;30mDEBUG[0m [32mclosing loop[0m
[2.561s] [34mcolcon.colcon_parallel_executor.executor.parallel[0m [1;30mDEBUG[0m [32mloop closed[0m
[2.561s] [34mcolcon.colcon_parallel_executor.executor.parallel[0m [1;30mDEBUG[0m [32mrun_until_complete finished with '0'[0m
[2.561s] [34mcolcon.colcon_core.event_reactor[0m [1;30mDEBUG[0m [32mjoining thread[0m
[2.564s] [34mcolcon.colcon_core.plugin_system[0m [1;30mINFO[0m Skipping extension 'colcon_notification.desktop_notification.terminal_notifier': Not used on non-Darwin systems
[2.564s] [34mcolcon.colcon_core.plugin_system[0m [1;30mINFO[0m Skipping extension 'colcon_notification.desktop_notification.win32': Not used on non-Windows systems
[2.564s] [34mcolcon.colcon_notification.desktop_notification[0m [1;30mINFO[0m Sending desktop notification using 'notify2'
[2.571s] [34mcolcon.colcon_core.event_reactor[0m [1;30mDEBUG[0m [32mjoined thread[0m
[2.571s] [34mcolcon.colcon_core.shell[0m [1;30mINFO[0m Creating prefix script '/home/rokey/Desktop/Tutorial/ROS_Tutorial/PackageTutorial/install/local_setup.ps1'
[2.572s] [34mcolcon.colcon_core.shell[0m [1;30mINFO[0m Creating prefix util module '/home/rokey/Desktop/Tutorial/ROS_Tutorial/PackageTutorial/install/_local_setup_util_ps1.py'
[2.572s] [34mcolcon.colcon_core.shell[0m [1;30mINFO[0m Creating prefix chain script '/home/rokey/Desktop/Tutorial/ROS_Tutorial/PackageTutorial/install/setup.ps1'
[2.573s] [34mcolcon.colcon_core.shell[0m [1;30mINFO[0m Creating prefix script '/home/rokey/Desktop/Tutorial/ROS_Tutorial/PackageTutorial/install/local_setup.sh'
[2.573s] [34mcolcon.colcon_core.shell[0m [1;30mINFO[0m Creating prefix util module '/home/rokey/Desktop/Tutorial/ROS_Tutorial/PackageTutorial/install/_local_setup_util_sh.py'
[2.573s] [34mcolcon.colcon_core.shell[0m [1;30mINFO[0m Creating prefix chain script '/home/rokey/Desktop/Tutorial/ROS_Tutorial/PackageTutorial/install/setup.sh'
[2.574s] [34mcolcon.colcon_core.shell[0m [1;30mINFO[0m Creating prefix script '/home/rokey/Desktop/Tutorial/ROS_Tutorial/PackageTutorial/install/local_setup.bash'
[2.574s] [34mcolcon.colcon_core.shell[0m [1;30mINFO[0m Creating prefix chain script '/home/rokey/Desktop/Tutorial/ROS_Tutorial/PackageTutorial/install/setup.bash'
[2.575s] [34mcolcon.colcon_core.shell[0m [1;30mINFO[0m Creating prefix script '/home/rokey/Desktop/Tutorial/ROS_Tutorial/PackageTutorial/install/local_setup.zsh'
[2.575s] [34mcolcon.colcon_core.shell[0m [1;30mINFO[0m Creating prefix chain script '/home/rokey/Desktop/Tutorial/ROS_Tutorial/PackageTutorial/install/setup.zsh'
