running egg_info
creating ../../build/my_service_pkg/my_service_pkg.egg-info
writing ../../build/my_service_pkg/my_service_pkg.egg-info/PKG-INFO
writing dependency_links to ../../build/my_service_pkg/my_service_pkg.egg-info/dependency_links.txt
writing entry points to ../../build/my_service_pkg/my_service_pkg.egg-info/entry_points.txt
writing requirements to ../../build/my_service_pkg/my_service_pkg.egg-info/requires.txt
writing top-level names to ../../build/my_service_pkg/my_service_pkg.egg-info/top_level.txt
writing manifest file '../../build/my_service_pkg/my_service_pkg.egg-info/SOURCES.txt'
reading manifest file '../../build/my_service_pkg/my_service_pkg.egg-info/SOURCES.txt'
writing manifest file '../../build/my_service_pkg/my_service_pkg.egg-info/SOURCES.txt'
running build
running build_py
creating /home/rokey/Desktop/Tutorial/ROS_Tutorial/PackageTutorial/build/my_service_pkg/build
creating /home/rokey/Desktop/Tutorial/ROS_Tutorial/PackageTutorial/build/my_service_pkg/build/lib
creating /home/rokey/Desktop/Tutorial/ROS_Tutorial/PackageTutorial/build/my_service_pkg/build/lib/my_service_pkg
copying my_service_pkg/add_three_ints_server.py -> /home/rokey/Desktop/Tutorial/ROS_Tutorial/PackageTutorial/build/my_service_pkg/build/lib/my_service_pkg
copying my_service_pkg/__init__.py -> /home/rokey/Desktop/Tutorial/ROS_Tutorial/PackageTutorial/build/my_service_pkg/build/lib/my_service_pkg
copying my_service_pkg/add_three_ints_client.py -> /home/rokey/Desktop/Tutorial/ROS_Tutorial/PackageTutorial/build/my_service_pkg/build/lib/my_service_pkg
running install
running install_lib
creating /home/rokey/Desktop/Tutorial/ROS_Tutorial/PackageTutorial/install/my_service_pkg/lib/python3.10/site-packages/my_service_pkg
copying /home/rokey/Desktop/Tutorial/ROS_Tutorial/PackageTutorial/build/my_service_pkg/build/lib/my_service_pkg/add_three_ints_server.py -> /home/rokey/Desktop/Tutorial/ROS_Tutorial/PackageTutorial/install/my_service_pkg/lib/python3.10/site-packages/my_service_pkg
copying /home/rokey/Desktop/Tutorial/ROS_Tutorial/PackageTutorial/build/my_service_pkg/build/lib/my_service_pkg/__init__.py -> /home/rokey/Desktop/Tutorial/ROS_Tutorial/PackageTutorial/install/my_service_pkg/lib/python3.10/site-packages/my_service_pkg
copying /home/rokey/Desktop/Tutorial/ROS_Tutorial/PackageTutorial/build/my_service_pkg/build/lib/my_service_pkg/add_three_ints_client.py -> /home/rokey/Desktop/Tutorial/ROS_Tutorial/PackageTutorial/install/my_service_pkg/lib/python3.10/site-packages/my_service_pkg
byte-compiling /home/rokey/Desktop/Tutorial/ROS_Tutorial/PackageTutorial/install/my_service_pkg/lib/python3.10/site-packages/my_service_pkg/add_three_ints_server.py to add_three_ints_server.cpython-310.pyc
byte-compiling /home/rokey/Desktop/Tutorial/ROS_Tutorial/PackageTutorial/install/my_service_pkg/lib/python3.10/site-packages/my_service_pkg/__init__.py to __init__.cpython-310.pyc
byte-compiling /home/rokey/Desktop/Tutorial/ROS_Tutorial/PackageTutorial/install/my_service_pkg/lib/python3.10/site-packages/my_service_pkg/add_three_ints_client.py to add_three_ints_client.cpython-310.pyc
running install_data
creating /home/rokey/Desktop/Tutorial/ROS_Tutorial/PackageTutorial/install/my_service_pkg/share/ament_index
creating /home/rokey/Desktop/Tutorial/ROS_Tutorial/PackageTutorial/install/my_service_pkg/share/ament_index/resource_index
creating /home/rokey/Desktop/Tutorial/ROS_Tutorial/PackageTutorial/install/my_service_pkg/share/ament_index/resource_index/packages
copying resource/my_service_pkg -> /home/rokey/Desktop/Tutorial/ROS_Tutorial/PackageTutorial/install/my_service_pkg/share/ament_index/resource_index/packages
copying package.xml -> /home/rokey/Desktop/Tutorial/ROS_Tutorial/PackageTutorial/install/my_service_pkg/share/my_service_pkg
running install_egg_info
Copying ../../build/my_service_pkg/my_service_pkg.egg-info to /home/rokey/Desktop/Tutorial/ROS_Tutorial/PackageTutorial/install/my_service_pkg/lib/python3.10/site-packages/my_service_pkg-0.0.0-py3.10.egg-info
running install_scripts
Installing add_three_ints_client script to /home/rokey/Desktop/Tutorial/ROS_Tutorial/PackageTutorial/install/my_service_pkg/lib/my_service_pkg
Installing add_three_ints_server script to /home/rokey/Desktop/Tutorial/ROS_Tutorial/PackageTutorial/install/my_service_pkg/lib/my_service_pkg
writing list of installed files to '/home/rokey/Desktop/Tutorial/ROS_Tutorial/PackageTutorial/build/my_service_pkg/install.log'
