[0.345s] Invoking command in '/home/rokey/Desktop/Tutorial/ROS_Tutorial/PackageTutorial/src/my_service_pkg': AMENT_PREFIX_PATH=/home/rokey/Desktop/Tutorial/ROS_Tutorial/PackageTutorial/install/my_interfaces:${AMENT_PREFIX_PATH} CMAKE_PREFIX_PATH=/home/rokey/Desktop/Tutorial/ROS_Tutorial/PackageTutorial/install/my_interfaces LD_LIBRARY_PATH=/home/rokey/Desktop/Tutorial/ROS_Tutorial/PackageTutorial/install/my_interfaces/lib:${LD_LIBRARY_PATH} PYTHONPATH=/home/rokey/Desktop/Tutorial/ROS_Tutorial/PackageTutorial/build/my_service_pkg/prefix_override:/usr/lib/python3/dist-packages/colcon_core/task/python/colcon_distutils_commands:/home/rokey/Desktop/Tutorial/ROS_Tutorial/PackageTutorial/install/my_service_pkg/lib/python3.10/site-packages:/home/rokey/Desktop/Tutorial/ROS_Tutorial/PackageTutorial/install/my_interfaces/local/lib/python3.10/dist-packages:${PYTHONPATH} /usr/bin/python3 -W ignore:setup.py install is deprecated -W ignore:easy_install command is deprecated setup.py egg_info --egg-base ../../build/my_service_pkg build --build-base /home/rokey/Desktop/Tutorial/ROS_Tutorial/PackageTutorial/build/my_service_pkg/build install --record /home/rokey/Desktop/Tutorial/ROS_Tutorial/PackageTutorial/build/my_service_pkg/install.log --single-version-externally-managed install_data
[0.469s] running egg_info
[0.469s] creating ../../build/my_service_pkg/my_service_pkg.egg-info
[0.469s] writing ../../build/my_service_pkg/my_service_pkg.egg-info/PKG-INFO
[0.469s] writing dependency_links to ../../build/my_service_pkg/my_service_pkg.egg-info/dependency_links.txt
[0.469s] writing entry points to ../../build/my_service_pkg/my_service_pkg.egg-info/entry_points.txt
[0.469s] writing requirements to ../../build/my_service_pkg/my_service_pkg.egg-info/requires.txt
[0.469s] writing top-level names to ../../build/my_service_pkg/my_service_pkg.egg-info/top_level.txt
[0.469s] writing manifest file '../../build/my_service_pkg/my_service_pkg.egg-info/SOURCES.txt'
[0.470s] reading manifest file '../../build/my_service_pkg/my_service_pkg.egg-info/SOURCES.txt'
[0.470s] writing manifest file '../../build/my_service_pkg/my_service_pkg.egg-info/SOURCES.txt'
[0.470s] running build
[0.470s] running build_py
[0.470s] creating /home/rokey/Desktop/Tutorial/ROS_Tutorial/PackageTutorial/build/my_service_pkg/build
[0.470s] creating /home/rokey/Desktop/Tutorial/ROS_Tutorial/PackageTutorial/build/my_service_pkg/build/lib
[0.471s] creating /home/rokey/Desktop/Tutorial/ROS_Tutorial/PackageTutorial/build/my_service_pkg/build/lib/my_service_pkg
[0.471s] copying my_service_pkg/add_three_ints_server.py -> /home/rokey/Desktop/Tutorial/ROS_Tutorial/PackageTutorial/build/my_service_pkg/build/lib/my_service_pkg
[0.471s] copying my_service_pkg/__init__.py -> /home/rokey/Desktop/Tutorial/ROS_Tutorial/PackageTutorial/build/my_service_pkg/build/lib/my_service_pkg
[0.471s] copying my_service_pkg/add_three_ints_client.py -> /home/rokey/Desktop/Tutorial/ROS_Tutorial/PackageTutorial/build/my_service_pkg/build/lib/my_service_pkg
[0.471s] running install
[0.471s] running install_lib
[0.471s] creating /home/rokey/Desktop/Tutorial/ROS_Tutorial/PackageTutorial/install/my_service_pkg/lib/python3.10/site-packages/my_service_pkg
[0.471s] copying /home/rokey/Desktop/Tutorial/ROS_Tutorial/PackageTutorial/build/my_service_pkg/build/lib/my_service_pkg/add_three_ints_server.py -> /home/rokey/Desktop/Tutorial/ROS_Tutorial/PackageTutorial/install/my_service_pkg/lib/python3.10/site-packages/my_service_pkg
[0.471s] copying /home/rokey/Desktop/Tutorial/ROS_Tutorial/PackageTutorial/build/my_service_pkg/build/lib/my_service_pkg/__init__.py -> /home/rokey/Desktop/Tutorial/ROS_Tutorial/PackageTutorial/install/my_service_pkg/lib/python3.10/site-packages/my_service_pkg
[0.471s] copying /home/rokey/Desktop/Tutorial/ROS_Tutorial/PackageTutorial/build/my_service_pkg/build/lib/my_service_pkg/add_three_ints_client.py -> /home/rokey/Desktop/Tutorial/ROS_Tutorial/PackageTutorial/install/my_service_pkg/lib/python3.10/site-packages/my_service_pkg
[0.472s] byte-compiling /home/rokey/Desktop/Tutorial/ROS_Tutorial/PackageTutorial/install/my_service_pkg/lib/python3.10/site-packages/my_service_pkg/add_three_ints_server.py to add_three_ints_server.cpython-310.pyc
[0.472s] byte-compiling /home/rokey/Desktop/Tutorial/ROS_Tutorial/PackageTutorial/install/my_service_pkg/lib/python3.10/site-packages/my_service_pkg/__init__.py to __init__.cpython-310.pyc
[0.472s] byte-compiling /home/rokey/Desktop/Tutorial/ROS_Tutorial/PackageTutorial/install/my_service_pkg/lib/python3.10/site-packages/my_service_pkg/add_three_ints_client.py to add_three_ints_client.cpython-310.pyc
[0.472s] running install_data
[0.472s] creating /home/rokey/Desktop/Tutorial/ROS_Tutorial/PackageTutorial/install/my_service_pkg/share/ament_index
[0.472s] creating /home/rokey/Desktop/Tutorial/ROS_Tutorial/PackageTutorial/install/my_service_pkg/share/ament_index/resource_index
[0.472s] creating /home/rokey/Desktop/Tutorial/ROS_Tutorial/PackageTutorial/install/my_service_pkg/share/ament_index/resource_index/packages
[0.472s] copying resource/my_service_pkg -> /home/rokey/Desktop/Tutorial/ROS_Tutorial/PackageTutorial/install/my_service_pkg/share/ament_index/resource_index/packages
[0.472s] copying package.xml -> /home/rokey/Desktop/Tutorial/ROS_Tutorial/PackageTutorial/install/my_service_pkg/share/my_service_pkg
[0.472s] running install_egg_info
[0.474s] Copying ../../build/my_service_pkg/my_service_pkg.egg-info to /home/rokey/Desktop/Tutorial/ROS_Tutorial/PackageTutorial/install/my_service_pkg/lib/python3.10/site-packages/my_service_pkg-0.0.0-py3.10.egg-info
[0.474s] running install_scripts
[0.483s] Installing add_three_ints_client script to /home/rokey/Desktop/Tutorial/ROS_Tutorial/PackageTutorial/install/my_service_pkg/lib/my_service_pkg
[0.483s] Installing add_three_ints_server script to /home/rokey/Desktop/Tutorial/ROS_Tutorial/PackageTutorial/install/my_service_pkg/lib/my_service_pkg
[0.483s] writing list of installed files to '/home/rokey/Desktop/Tutorial/ROS_Tutorial/PackageTutorial/build/my_service_pkg/install.log'
[0.494s] Invoked command in '/home/rokey/Desktop/Tutorial/ROS_Tutorial/PackageTutorial/src/my_service_pkg' returned '0': AMENT_PREFIX_PATH=/home/rokey/Desktop/Tutorial/ROS_Tutorial/PackageTutorial/install/my_interfaces:${AMENT_PREFIX_PATH} CMAKE_PREFIX_PATH=/home/rokey/Desktop/Tutorial/ROS_Tutorial/PackageTutorial/install/my_interfaces LD_LIBRARY_PATH=/home/rokey/Desktop/Tutorial/ROS_Tutorial/PackageTutorial/install/my_interfaces/lib:${LD_LIBRARY_PATH} PYTHONPATH=/home/rokey/Desktop/Tutorial/ROS_Tutorial/PackageTutorial/build/my_service_pkg/prefix_override:/usr/lib/python3/dist-packages/colcon_core/task/python/colcon_distutils_commands:/home/rokey/Desktop/Tutorial/ROS_Tutorial/PackageTutorial/install/my_service_pkg/lib/python3.10/site-packages:/home/rokey/Desktop/Tutorial/ROS_Tutorial/PackageTutorial/install/my_interfaces/local/lib/python3.10/dist-packages:${PYTHONPATH} /usr/bin/python3 -W ignore:setup.py install is deprecated -W ignore:easy_install command is deprecated setup.py egg_info --egg-base ../../build/my_service_pkg build --build-base /home/rokey/Desktop/Tutorial/ROS_Tutorial/PackageTutorial/build/my_service_pkg/build install --record /home/rokey/Desktop/Tutorial/ROS_Tutorial/PackageTutorial/build/my_service_pkg/install.log --single-version-externally-managed install_data
